{"D:\\Downloads\\programmation\\Qualicom\\chezmessoeurs\\src\\app.js": {"path":"D:\\Downloads\\programmation\\Qualicom\\chezmessoeurs\\src\\app.js","statementMap":{"0":{"start":{"line":2,"column":13},"end":{"line":2,"column":28}},"1":{"start":{"line":3,"column":20},"end":{"line":3,"column":42}},"2":{"start":{"line":4,"column":16},"end":{"line":4,"column":34}},"3":{"start":{"line":5,"column":19},"end":{"line":5,"column":41}},"4":{"start":{"line":9,"column":11},"end":{"line":9,"column":30}},"5":{"start":{"line":11,"column":0},"end":{"line":11,"column":14}},"6":{"start":{"line":14,"column":21},"end":{"line":14,"column":48}},"7":{"start":{"line":15,"column":23},"end":{"line":15,"column":52}},"8":{"start":{"line":16,"column":20},"end":{"line":16,"column":46}},"9":{"start":{"line":17,"column":22},"end":{"line":17,"column":57}},"10":{"start":{"line":18,"column":20},"end":{"line":18,"column":53}},"11":{"start":{"line":19,"column":26},"end":{"line":19,"column":58}},"12":{"start":{"line":20,"column":23},"end":{"line":20,"column":52}},"13":{"start":{"line":21,"column":19},"end":{"line":21,"column":44}},"14":{"start":{"line":22,"column":27},"end":{"line":22,"column":60}},"15":{"start":{"line":24,"column":12},"end":{"line":24,"column":21}},"16":{"start":{"line":25,"column":0},"end":{"line":25,"column":22}},"17":{"start":{"line":26,"column":0},"end":{"line":26,"column":51}},"18":{"start":{"line":27,"column":0},"end":{"line":27,"column":26}},"19":{"start":{"line":30,"column":28},"end":{"line":30,"column":61}},"20":{"start":{"line":31,"column":18},"end":{"line":31,"column":49}},"21":{"start":{"line":32,"column":21},"end":{"line":32,"column":65}},"22":{"start":{"line":36,"column":0},"end":{"line":36,"column":31}},"23":{"start":{"line":38,"column":0},"end":{"line":38,"column":44}},"24":{"start":{"line":40,"column":0},"end":{"line":40,"column":27}},"25":{"start":{"line":44,"column":0},"end":{"line":44,"column":44}},"26":{"start":{"line":47,"column":0},"end":{"line":47,"column":21}},"27":{"start":{"line":48,"column":0},"end":{"line":48,"column":23}},"28":{"start":{"line":49,"column":0},"end":{"line":49,"column":20}},"29":{"start":{"line":50,"column":0},"end":{"line":50,"column":22}},"30":{"start":{"line":51,"column":0},"end":{"line":51,"column":20}},"31":{"start":{"line":52,"column":0},"end":{"line":52,"column":23}},"32":{"start":{"line":53,"column":0},"end":{"line":53,"column":26}},"33":{"start":{"line":54,"column":0},"end":{"line":54,"column":19}},"34":{"start":{"line":55,"column":0},"end":{"line":55,"column":27}},"35":{"start":{"line":57,"column":0},"end":{"line":63,"column":2}},"36":{"start":{"line":60,"column":4},"end":{"line":62,"column":6}},"37":{"start":{"line":65,"column":0},"end":{"line":65,"column":20}}},"fnMap":{"0":{"name":"(anonymous_0)","decl":{"start":{"line":59,"column":9},"end":{"line":59,"column":10}},"loc":{"start":{"line":59,"column":23},"end":{"line":63,"column":1}},"line":59}},"branchMap":{},"s":{"0":2,"1":2,"2":2,"3":2,"4":2,"5":2,"6":2,"7":2,"8":2,"9":2,"10":2,"11":2,"12":2,"13":2,"14":2,"15":2,"16":2,"17":2,"18":2,"19":2,"20":2,"21":2,"22":2,"23":2,"24":2,"25":2,"26":2,"27":2,"28":2,"29":2,"30":2,"31":2,"32":2,"33":2,"34":2,"35":2,"36":1,"37":2},"f":{"0":1},"b":{},"_coverageSchema":"1a1c01bbd47fc00a2c39e90264f33305004495a9","hash":"71804806e6240794b76e5bf4a091137ba2eef741"}
,"D:\\Downloads\\programmation\\Qualicom\\chezmessoeurs\\src\\models\\clients.js": {"path":"D:\\Downloads\\programmation\\Qualicom\\chezmessoeurs\\src\\models\\clients.js","statementMap":{"0":{"start":{"line":2,"column":0},"end":{"line":111,"column":2}},"1":{"start":{"line":3,"column":18},"end":{"line":103,"column":8}},"2":{"start":{"line":63,"column":20},"end":{"line":65,"column":21}},"3":{"start":{"line":64,"column":24},"end":{"line":64,"column":71}},"4":{"start":{"line":104,"column":2},"end":{"line":109,"column":4}},"5":{"start":{"line":110,"column":2},"end":{"line":110,"column":17}}},"fnMap":{"0":{"name":"(anonymous_0)","decl":{"start":{"line":2,"column":17},"end":{"line":2,"column":18}},"loc":{"start":{"line":2,"column":43},"end":{"line":111,"column":1}},"line":2},"1":{"name":"(anonymous_1)","decl":{"start":{"line":62,"column":32},"end":{"line":62,"column":33}},"loc":{"start":{"line":62,"column":41},"end":{"line":66,"column":17}},"line":62},"2":{"name":"(anonymous_2)","decl":{"start":{"line":104,"column":22},"end":{"line":104,"column":23}},"loc":{"start":{"line":104,"column":39},"end":{"line":109,"column":3}},"line":104}},"branchMap":{"0":{"loc":{"start":{"line":63,"column":20},"end":{"line":65,"column":21}},"type":"if","locations":[{"start":{"line":63,"column":20},"end":{"line":65,"column":21}},{"start":{"line":63,"column":20},"end":{"line":65,"column":21}}],"line":63}},"s":{"0":2,"1":2,"2":0,"3":0,"4":2,"5":2},"f":{"0":2,"1":0,"2":2},"b":{"0":[0,0]},"_coverageSchema":"1a1c01bbd47fc00a2c39e90264f33305004495a9","hash":"0502a4f897246f87d1a2985fbc6076e36ffed617"}
,"D:\\Downloads\\programmation\\Qualicom\\chezmessoeurs\\src\\models\\devis.js": {"path":"D:\\Downloads\\programmation\\Qualicom\\chezmessoeurs\\src\\models\\devis.js","statementMap":{"0":{"start":{"line":2,"column":0},"end":{"line":108,"column":1}},"1":{"start":{"line":3,"column":18},"end":{"line":96,"column":10}},"2":{"start":{"line":97,"column":4},"end":{"line":105,"column":5}},"3":{"start":{"line":98,"column":8},"end":{"line":98,"column":69}},"4":{"start":{"line":99,"column":8},"end":{"line":99,"column":77}},"5":{"start":{"line":100,"column":2},"end":{"line":100,"column":63}},"6":{"start":{"line":101,"column":2},"end":{"line":101,"column":99}},"7":{"start":{"line":102,"column":2},"end":{"line":102,"column":99}},"8":{"start":{"line":103,"column":2},"end":{"line":103,"column":89}},"9":{"start":{"line":104,"column":2},"end":{"line":104,"column":95}},"10":{"start":{"line":107,"column":4},"end":{"line":107,"column":16}}},"fnMap":{"0":{"name":"(anonymous_0)","decl":{"start":{"line":2,"column":17},"end":{"line":2,"column":18}},"loc":{"start":{"line":2,"column":43},"end":{"line":108,"column":1}},"line":2},"1":{"name":"(anonymous_1)","decl":{"start":{"line":97,"column":22},"end":{"line":97,"column":23}},"loc":{"start":{"line":97,"column":32},"end":{"line":105,"column":5}},"line":97}},"branchMap":{},"s":{"0":2,"1":2,"2":2,"3":2,"4":2,"5":2,"6":2,"7":2,"8":2,"9":2,"10":2},"f":{"0":2,"1":2},"b":{},"_coverageSchema":"1a1c01bbd47fc00a2c39e90264f33305004495a9","hash":"ec2b79c8d3cd832a16676573d690cbc246396016"}
,"D:\\Downloads\\programmation\\Qualicom\\chezmessoeurs\\src\\models\\estimations.js": {"path":"D:\\Downloads\\programmation\\Qualicom\\chezmessoeurs\\src\\models\\estimations.js","statementMap":{"0":{"start":{"line":2,"column":0},"end":{"line":74,"column":2}},"1":{"start":{"line":3,"column":22},"end":{"line":64,"column":8}},"2":{"start":{"line":65,"column":2},"end":{"line":72,"column":4}},"3":{"start":{"line":67,"column":1},"end":{"line":67,"column":68}},"4":{"start":{"line":68,"column":1},"end":{"line":68,"column":104}},"5":{"start":{"line":69,"column":1},"end":{"line":69,"column":104}},"6":{"start":{"line":70,"column":1},"end":{"line":70,"column":94}},"7":{"start":{"line":71,"column":1},"end":{"line":71,"column":100}},"8":{"start":{"line":73,"column":2},"end":{"line":73,"column":21}}},"fnMap":{"0":{"name":"(anonymous_0)","decl":{"start":{"line":2,"column":17},"end":{"line":2,"column":18}},"loc":{"start":{"line":2,"column":43},"end":{"line":74,"column":1}},"line":2},"1":{"name":"(anonymous_1)","decl":{"start":{"line":65,"column":26},"end":{"line":65,"column":27}},"loc":{"start":{"line":65,"column":43},"end":{"line":72,"column":3}},"line":65}},"branchMap":{},"s":{"0":2,"1":2,"2":2,"3":2,"4":2,"5":2,"6":2,"7":2,"8":2},"f":{"0":2,"1":2},"b":{},"_coverageSchema":"1a1c01bbd47fc00a2c39e90264f33305004495a9","hash":"5259576785b8e45b3f5822fe79b969dfa6e7a4df"}
,"D:\\Downloads\\programmation\\Qualicom\\chezmessoeurs\\src\\models\\factures.js": {"path":"D:\\Downloads\\programmation\\Qualicom\\chezmessoeurs\\src\\models\\factures.js","statementMap":{"0":{"start":{"line":2,"column":0},"end":{"line":137,"column":1}},"1":{"start":{"line":3,"column":21},"end":{"line":129,"column":10}},"2":{"start":{"line":130,"column":4},"end":{"line":134,"column":5}},"3":{"start":{"line":131,"column":8},"end":{"line":131,"column":72}},"4":{"start":{"line":132,"column":8},"end":{"line":132,"column":69}},"5":{"start":{"line":133,"column":8},"end":{"line":133,"column":72}},"6":{"start":{"line":136,"column":4},"end":{"line":136,"column":19}}},"fnMap":{"0":{"name":"(anonymous_0)","decl":{"start":{"line":2,"column":17},"end":{"line":2,"column":18}},"loc":{"start":{"line":2,"column":43},"end":{"line":137,"column":1}},"line":2},"1":{"name":"(anonymous_1)","decl":{"start":{"line":130,"column":25},"end":{"line":130,"column":26}},"loc":{"start":{"line":130,"column":35},"end":{"line":134,"column":5}},"line":130}},"branchMap":{},"s":{"0":2,"1":2,"2":2,"3":2,"4":2,"5":2,"6":2},"f":{"0":2,"1":2},"b":{},"_coverageSchema":"1a1c01bbd47fc00a2c39e90264f33305004495a9","hash":"89bc8882b949cd55e799693a9177817e062a3769"}
,"D:\\Downloads\\programmation\\Qualicom\\chezmessoeurs\\src\\models\\formules.js": {"path":"D:\\Downloads\\programmation\\Qualicom\\chezmessoeurs\\src\\models\\formules.js","statementMap":{"0":{"start":{"line":2,"column":0},"end":{"line":67,"column":1}},"1":{"start":{"line":3,"column":21},"end":{"line":61,"column":10}},"2":{"start":{"line":62,"column":4},"end":{"line":64,"column":5}},"3":{"start":{"line":63,"column":8},"end":{"line":63,"column":82}},"4":{"start":{"line":66,"column":4},"end":{"line":66,"column":19}}},"fnMap":{"0":{"name":"(anonymous_0)","decl":{"start":{"line":2,"column":17},"end":{"line":2,"column":18}},"loc":{"start":{"line":2,"column":43},"end":{"line":67,"column":1}},"line":2},"1":{"name":"(anonymous_1)","decl":{"start":{"line":62,"column":25},"end":{"line":62,"column":26}},"loc":{"start":{"line":62,"column":35},"end":{"line":64,"column":5}},"line":62}},"branchMap":{},"s":{"0":2,"1":2,"2":2,"3":2,"4":2},"f":{"0":2,"1":2},"b":{},"_coverageSchema":"1a1c01bbd47fc00a2c39e90264f33305004495a9","hash":"899dad03bda0ac1f0cf5acc4dd1a8995b438be1e"}
,"D:\\Downloads\\programmation\\Qualicom\\chezmessoeurs\\src\\models\\index.js": {"path":"D:\\Downloads\\programmation\\Qualicom\\chezmessoeurs\\src\\models\\index.js","statementMap":{"0":{"start":{"line":3,"column":11},"end":{"line":3,"column":24}},"1":{"start":{"line":4,"column":13},"end":{"line":4,"column":28}},"2":{"start":{"line":5,"column":18},"end":{"line":5,"column":38}},"3":{"start":{"line":6,"column":17},"end":{"line":6,"column":42}},"4":{"start":{"line":7,"column":13},"end":{"line":7,"column":33}},"5":{"start":{"line":8,"column":15},"end":{"line":8,"column":65}},"6":{"start":{"line":9,"column":11},"end":{"line":9,"column":13}},"7":{"start":{"line":12,"column":0},"end":{"line":16,"column":1}},"8":{"start":{"line":13,"column":2},"end":{"line":13,"column":74}},"9":{"start":{"line":15,"column":2},"end":{"line":15,"column":87}},"10":{"start":{"line":18,"column":0},"end":{"line":26,"column":5}},"11":{"start":{"line":21,"column":4},"end":{"line":21,"column":90}},"12":{"start":{"line":24,"column":18},"end":{"line":24,"column":65}},"13":{"start":{"line":25,"column":4},"end":{"line":25,"column":27}},"14":{"start":{"line":28,"column":0},"end":{"line":33,"column":3}},"15":{"start":{"line":30,"column":2},"end":{"line":32,"column":3}},"16":{"start":{"line":31,"column":4},"end":{"line":31,"column":32}},"17":{"start":{"line":35,"column":0},"end":{"line":35,"column":25}},"18":{"start":{"line":36,"column":0},"end":{"line":36,"column":25}},"19":{"start":{"line":38,"column":0},"end":{"line":38,"column":20}}},"fnMap":{"0":{"name":"(anonymous_0)","decl":{"start":{"line":20,"column":10},"end":{"line":20,"column":11}},"loc":{"start":{"line":20,"column":18},"end":{"line":22,"column":3}},"line":20},"1":{"name":"(anonymous_1)","decl":{"start":{"line":23,"column":11},"end":{"line":23,"column":12}},"loc":{"start":{"line":23,"column":19},"end":{"line":26,"column":3}},"line":23},"2":{"name":"(anonymous_2)","decl":{"start":{"line":28,"column":24},"end":{"line":28,"column":25}},"loc":{"start":{"line":28,"column":37},"end":{"line":33,"column":1}},"line":28}},"branchMap":{"0":{"loc":{"start":{"line":12,"column":0},"end":{"line":16,"column":1}},"type":"if","locations":[{"start":{"line":12,"column":0},"end":{"line":16,"column":1}},{"start":{"line":12,"column":0},"end":{"line":16,"column":1}}],"line":12},"1":{"loc":{"start":{"line":21,"column":11},"end":{"line":21,"column":89}},"type":"binary-expr","locations":[{"start":{"line":21,"column":12},"end":{"line":21,"column":35}},{"start":{"line":21,"column":41},"end":{"line":21,"column":58}},{"start":{"line":21,"column":64},"end":{"line":21,"column":88}}],"line":21},"2":{"loc":{"start":{"line":30,"column":2},"end":{"line":32,"column":3}},"type":"if","locations":[{"start":{"line":30,"column":2},"end":{"line":32,"column":3}},{"start":{"line":30,"column":2},"end":{"line":32,"column":3}}],"line":30}},"s":{"0":2,"1":2,"2":2,"3":2,"4":2,"5":2,"6":2,"7":2,"8":0,"9":2,"10":2,"11":22,"12":20,"13":20,"14":2,"15":20,"16":14,"17":2,"18":2,"19":2},"f":{"0":22,"1":20,"2":20},"b":{"0":[0,2],"1":[22,22,20],"2":[14,6]},"_coverageSchema":"1a1c01bbd47fc00a2c39e90264f33305004495a9","hash":"5d6161fe3a7502ef6a7bc2cd6fc1e520ca6ca638"}
,"D:\\Downloads\\programmation\\Qualicom\\chezmessoeurs\\src\\models\\prix_unitaire.js": {"path":"D:\\Downloads\\programmation\\Qualicom\\chezmessoeurs\\src\\models\\prix_unitaire.js","statementMap":{"0":{"start":{"line":2,"column":0},"end":{"line":37,"column":1}},"1":{"start":{"line":3,"column":26},"end":{"line":34,"column":10}},"2":{"start":{"line":36,"column":4},"end":{"line":36,"column":24}}},"fnMap":{"0":{"name":"(anonymous_0)","decl":{"start":{"line":2,"column":17},"end":{"line":2,"column":18}},"loc":{"start":{"line":2,"column":43},"end":{"line":37,"column":1}},"line":2}},"branchMap":{},"s":{"0":2,"1":2,"2":2},"f":{"0":2},"b":{},"_coverageSchema":"1a1c01bbd47fc00a2c39e90264f33305004495a9","hash":"d7a3648bf9170b50f2bdf212276aae2ec86b873c"}
,"D:\\Downloads\\programmation\\Qualicom\\chezmessoeurs\\src\\models\\recettes.js": {"path":"D:\\Downloads\\programmation\\Qualicom\\chezmessoeurs\\src\\models\\recettes.js","statementMap":{"0":{"start":{"line":2,"column":0},"end":{"line":41,"column":1}},"1":{"start":{"line":3,"column":21},"end":{"line":38,"column":10}},"2":{"start":{"line":40,"column":4},"end":{"line":40,"column":19}}},"fnMap":{"0":{"name":"(anonymous_0)","decl":{"start":{"line":2,"column":17},"end":{"line":2,"column":18}},"loc":{"start":{"line":2,"column":43},"end":{"line":41,"column":1}},"line":2}},"branchMap":{},"s":{"0":2,"1":2,"2":2},"f":{"0":2},"b":{},"_coverageSchema":"1a1c01bbd47fc00a2c39e90264f33305004495a9","hash":"98ec71bc52c2e475ab4f2bb78e86ef86393a9f27"}
,"D:\\Downloads\\programmation\\Qualicom\\chezmessoeurs\\src\\models\\remises.js": {"path":"D:\\Downloads\\programmation\\Qualicom\\chezmessoeurs\\src\\models\\remises.js","statementMap":{"0":{"start":{"line":2,"column":0},"end":{"line":41,"column":1}},"1":{"start":{"line":3,"column":20},"end":{"line":34,"column":10}},"2":{"start":{"line":35,"column":4},"end":{"line":38,"column":5}},"3":{"start":{"line":40,"column":4},"end":{"line":40,"column":18}}},"fnMap":{"0":{"name":"(anonymous_0)","decl":{"start":{"line":2,"column":17},"end":{"line":2,"column":18}},"loc":{"start":{"line":2,"column":43},"end":{"line":41,"column":1}},"line":2},"1":{"name":"(anonymous_1)","decl":{"start":{"line":35,"column":24},"end":{"line":35,"column":25}},"loc":{"start":{"line":35,"column":34},"end":{"line":38,"column":5}},"line":35}},"branchMap":{},"s":{"0":2,"1":2,"2":2,"3":2},"f":{"0":2,"1":2},"b":{},"_coverageSchema":"1a1c01bbd47fc00a2c39e90264f33305004495a9","hash":"f20b1f28a9132dddc31fbdd8f03f3f200d01c484"}
,"D:\\Downloads\\programmation\\Qualicom\\chezmessoeurs\\src\\models\\sequelizemeta.js": {"path":"D:\\Downloads\\programmation\\Qualicom\\chezmessoeurs\\src\\models\\sequelizemeta.js","statementMap":{"0":{"start":{"line":3,"column":0},"end":{"line":13,"column":2}},"1":{"start":{"line":4,"column":1},"end":{"line":12,"column":4}}},"fnMap":{"0":{"name":"(anonymous_0)","decl":{"start":{"line":3,"column":17},"end":{"line":3,"column":18}},"loc":{"start":{"line":3,"column":48},"end":{"line":13,"column":1}},"line":3}},"branchMap":{},"s":{"0":2,"1":2},"f":{"0":2},"b":{},"_coverageSchema":"1a1c01bbd47fc00a2c39e90264f33305004495a9","hash":"24b254380ba9b1db316f5fae9491695560a10e1a"}
,"D:\\Downloads\\programmation\\Qualicom\\chezmessoeurs\\src\\models\\type_formule.js": {"path":"D:\\Downloads\\programmation\\Qualicom\\chezmessoeurs\\src\\models\\type_formule.js","statementMap":{"0":{"start":{"line":2,"column":0},"end":{"line":37,"column":1}},"1":{"start":{"line":3,"column":25},"end":{"line":31,"column":10}},"2":{"start":{"line":17,"column":5},"end":{"line":19,"column":6}},"3":{"start":{"line":18,"column":6},"end":{"line":18,"column":53}},"4":{"start":{"line":32,"column":4},"end":{"line":34,"column":5}},"5":{"start":{"line":36,"column":4},"end":{"line":36,"column":23}}},"fnMap":{"0":{"name":"(anonymous_0)","decl":{"start":{"line":2,"column":17},"end":{"line":2,"column":18}},"loc":{"start":{"line":2,"column":43},"end":{"line":37,"column":1}},"line":2},"1":{"name":"(anonymous_1)","decl":{"start":{"line":16,"column":4},"end":{"line":16,"column":5}},"loc":{"start":{"line":16,"column":23},"end":{"line":20,"column":5}},"line":16},"2":{"name":"(anonymous_2)","decl":{"start":{"line":32,"column":29},"end":{"line":32,"column":30}},"loc":{"start":{"line":32,"column":39},"end":{"line":34,"column":5}},"line":32}},"branchMap":{"0":{"loc":{"start":{"line":17,"column":5},"end":{"line":19,"column":6}},"type":"if","locations":[{"start":{"line":17,"column":5},"end":{"line":19,"column":6}},{"start":{"line":17,"column":5},"end":{"line":19,"column":6}}],"line":17},"1":{"loc":{"start":{"line":17,"column":8},"end":{"line":17,"column":43}},"type":"binary-expr","locations":[{"start":{"line":17,"column":8},"end":{"line":17,"column":27}},{"start":{"line":17,"column":31},"end":{"line":17,"column":43}}],"line":17}},"s":{"0":2,"1":2,"2":0,"3":0,"4":2,"5":2},"f":{"0":2,"1":0,"2":2},"b":{"0":[0,0],"1":[0,0]},"_coverageSchema":"1a1c01bbd47fc00a2c39e90264f33305004495a9","hash":"b7c52eb511c3a7245d1567e344ac153248b76370"}
,"D:\\Downloads\\programmation\\Qualicom\\chezmessoeurs\\src\\routers\\agenda.js": {"path":"D:\\Downloads\\programmation\\Qualicom\\chezmessoeurs\\src\\routers\\agenda.js","statementMap":{"0":{"start":{"line":1,"column":16},"end":{"line":1,"column":34}},"1":{"start":{"line":2,"column":15},"end":{"line":2,"column":35}},"2":{"start":{"line":4,"column":0},"end":{"line":30,"column":2}},"3":{"start":{"line":7,"column":24},"end":{"line":7,"column":32}},"4":{"start":{"line":8,"column":4},"end":{"line":10,"column":6}},"5":{"start":{"line":14,"column":4},"end":{"line":16,"column":6}},"6":{"start":{"line":20,"column":26},"end":{"line":20,"column":39}},"7":{"start":{"line":21,"column":4},"end":{"line":23,"column":6}},"8":{"start":{"line":26,"column":26},"end":{"line":26,"column":39}},"9":{"start":{"line":27,"column":4},"end":{"line":29,"column":6}},"10":{"start":{"line":32,"column":0},"end":{"line":32,"column":23}}},"fnMap":{"0":{"name":"(anonymous_0)","decl":{"start":{"line":6,"column":17},"end":{"line":6,"column":18}},"loc":{"start":{"line":6,"column":31},"end":{"line":11,"column":1}},"line":6},"1":{"name":"(anonymous_1)","decl":{"start":{"line":13,"column":16},"end":{"line":13,"column":17}},"loc":{"start":{"line":13,"column":30},"end":{"line":17,"column":1}},"line":13},"2":{"name":"(anonymous_2)","decl":{"start":{"line":19,"column":22},"end":{"line":19,"column":23}},"loc":{"start":{"line":19,"column":36},"end":{"line":24,"column":1}},"line":19},"3":{"name":"(anonymous_3)","decl":{"start":{"line":25,"column":23},"end":{"line":25,"column":24}},"loc":{"start":{"line":25,"column":37},"end":{"line":30,"column":1}},"line":25}},"branchMap":{},"s":{"0":2,"1":2,"2":2,"3":0,"4":0,"5":0,"6":0,"7":0,"8":0,"9":0,"10":2},"f":{"0":0,"1":0,"2":0,"3":0},"b":{},"_coverageSchema":"1a1c01bbd47fc00a2c39e90264f33305004495a9","hash":"755d53f650e41761e421817df2cbdde08621cbb6"}
,"D:\\Downloads\\programmation\\Qualicom\\chezmessoeurs\\src\\routers\\archives.js": {"path":"D:\\Downloads\\programmation\\Qualicom\\chezmessoeurs\\src\\routers\\archives.js","statementMap":{"0":{"start":{"line":1,"column":16},"end":{"line":1,"column":34}},"1":{"start":{"line":2,"column":15},"end":{"line":2,"column":35}},"2":{"start":{"line":4,"column":0},"end":{"line":10,"column":2}},"3":{"start":{"line":7,"column":4},"end":{"line":9,"column":6}},"4":{"start":{"line":12,"column":0},"end":{"line":12,"column":23}}},"fnMap":{"0":{"name":"(anonymous_0)","decl":{"start":{"line":6,"column":18},"end":{"line":6,"column":19}},"loc":{"start":{"line":6,"column":32},"end":{"line":10,"column":1}},"line":6}},"branchMap":{},"s":{"0":2,"1":2,"2":2,"3":0,"4":2},"f":{"0":0},"b":{},"_coverageSchema":"1a1c01bbd47fc00a2c39e90264f33305004495a9","hash":"11771bbdd83bfc622ea12fa8db1e4f5e510231c4"}
,"D:\\Downloads\\programmation\\Qualicom\\chezmessoeurs\\src\\routers\\carte.js": {"path":"D:\\Downloads\\programmation\\Qualicom\\chezmessoeurs\\src\\routers\\carte.js","statementMap":{"0":{"start":{"line":1,"column":16},"end":{"line":1,"column":34}},"1":{"start":{"line":2,"column":15},"end":{"line":2,"column":35}},"2":{"start":{"line":6,"column":0},"end":{"line":12,"column":2}},"3":{"start":{"line":9,"column":4},"end":{"line":11,"column":6}},"4":{"start":{"line":14,"column":0},"end":{"line":14,"column":23}}},"fnMap":{"0":{"name":"(anonymous_0)","decl":{"start":{"line":8,"column":15},"end":{"line":8,"column":16}},"loc":{"start":{"line":8,"column":29},"end":{"line":12,"column":1}},"line":8}},"branchMap":{},"s":{"0":2,"1":2,"2":2,"3":0,"4":2},"f":{"0":0},"b":{},"_coverageSchema":"1a1c01bbd47fc00a2c39e90264f33305004495a9","hash":"3a16cb039493b298931a30b6316c5a8cdcc9cb0b"}
,"D:\\Downloads\\programmation\\Qualicom\\chezmessoeurs\\src\\routers\\clients.js": {"path":"D:\\Downloads\\programmation\\Qualicom\\chezmessoeurs\\src\\routers\\clients.js","statementMap":{"0":{"start":{"line":1,"column":16},"end":{"line":1,"column":34}},"1":{"start":{"line":2,"column":15},"end":{"line":2,"column":35}},"2":{"start":{"line":3,"column":20},"end":{"line":3,"column":29}},"3":{"start":{"line":4,"column":53},"end":{"line":4,"column":85}},"4":{"start":{"line":6,"column":27},"end":{"line":63,"column":1}},"5":{"start":{"line":9,"column":17},"end":{"line":9,"column":26}},"6":{"start":{"line":12,"column":4},"end":{"line":12,"column":84}},"7":{"start":{"line":14,"column":4},"end":{"line":14,"column":99}},"8":{"start":{"line":15,"column":4},"end":{"line":15,"column":114}},"9":{"start":{"line":16,"column":4},"end":{"line":16,"column":126}},"10":{"start":{"line":17,"column":4},"end":{"line":17,"column":85}},"11":{"start":{"line":20,"column":37},"end":{"line":29,"column":6}},"12":{"start":{"line":31,"column":4},"end":{"line":31,"column":24}},"13":{"start":{"line":34,"column":4},"end":{"line":60,"column":5}},"14":{"start":{"line":54,"column":8},"end":{"line":54,"column":49}},"15":{"start":{"line":55,"column":8},"end":{"line":55,"column":67}},"16":{"start":{"line":56,"column":8},"end":{"line":56,"column":47}},"17":{"start":{"line":57,"column":8},"end":{"line":57,"column":37}},"18":{"start":{"line":59,"column":8},"end":{"line":59,"column":27}},"19":{"start":{"line":62,"column":4},"end":{"line":62,"column":17}},"20":{"start":{"line":65,"column":0},"end":{"line":222,"column":2}},"21":{"start":{"line":69,"column":23},"end":{"line":69,"column":32}},"22":{"start":{"line":70,"column":16},"end":{"line":70,"column":25}},"23":{"start":{"line":71,"column":17},"end":{"line":71,"column":26}},"24":{"start":{"line":74,"column":4},"end":{"line":79,"column":5}},"25":{"start":{"line":75,"column":8},"end":{"line":75,"column":53}},"26":{"start":{"line":78,"column":8},"end":{"line":78,"column":74}},"27":{"start":{"line":83,"column":4},"end":{"line":86,"column":6}},"28":{"start":{"line":90,"column":16},"end":{"line":90,"column":25}},"29":{"start":{"line":92,"column":20},"end":{"line":92,"column":43}},"30":{"start":{"line":93,"column":4},"end":{"line":98,"column":5}},"31":{"start":{"line":94,"column":8},"end":{"line":94,"column":116}},"32":{"start":{"line":96,"column":9},"end":{"line":98,"column":5}},"33":{"start":{"line":97,"column":8},"end":{"line":97,"column":66}},"34":{"start":{"line":100,"column":4},"end":{"line":104,"column":6}},"35":{"start":{"line":109,"column":22},"end":{"line":109,"column":32}},"36":{"start":{"line":112,"column":16},"end":{"line":112,"column":25}},"37":{"start":{"line":113,"column":17},"end":{"line":113,"column":26}},"38":{"start":{"line":116,"column":4},"end":{"line":126,"column":5}},"39":{"start":{"line":117,"column":8},"end":{"line":121,"column":10}},"40":{"start":{"line":124,"column":8},"end":{"line":124,"column":92}},"41":{"start":{"line":125,"column":8},"end":{"line":125,"column":26}},"42":{"start":{"line":129,"column":4},"end":{"line":132,"column":5}},"43":{"start":{"line":130,"column":8},"end":{"line":130,"column":78}},"44":{"start":{"line":131,"column":8},"end":{"line":131,"column":26}},"45":{"start":{"line":134,"column":4},"end":{"line":137,"column":6}},"46":{"start":{"line":142,"column":25},"end":{"line":142,"column":45}},"47":{"start":{"line":144,"column":23},"end":{"line":144,"column":32}},"48":{"start":{"line":147,"column":16},"end":{"line":147,"column":25}},"49":{"start":{"line":148,"column":17},"end":{"line":148,"column":26}},"50":{"start":{"line":150,"column":4},"end":{"line":189,"column":5}},"51":{"start":{"line":151,"column":28},"end":{"line":155,"column":10}},"52":{"start":{"line":157,"column":8},"end":{"line":185,"column":9}},"53":{"start":{"line":159,"column":12},"end":{"line":159,"column":43}},"54":{"start":{"line":161,"column":12},"end":{"line":161,"column":74}},"55":{"start":{"line":162,"column":12},"end":{"line":162,"column":101}},"56":{"start":{"line":163,"column":12},"end":{"line":163,"column":59}},"57":{"start":{"line":164,"column":12},"end":{"line":164,"column":71}},"58":{"start":{"line":165,"column":12},"end":{"line":165,"column":56}},"59":{"start":{"line":167,"column":12},"end":{"line":180,"column":13}},"60":{"start":{"line":181,"column":12},"end":{"line":181,"column":87}},"61":{"start":{"line":184,"column":12},"end":{"line":184,"column":71}},"62":{"start":{"line":188,"column":8},"end":{"line":188,"column":74}},"63":{"start":{"line":191,"column":4},"end":{"line":194,"column":6}},"64":{"start":{"line":202,"column":25},"end":{"line":202,"column":45}},"65":{"start":{"line":205,"column":16},"end":{"line":205,"column":25}},"66":{"start":{"line":207,"column":4},"end":{"line":217,"column":5}},"67":{"start":{"line":208,"column":8},"end":{"line":212,"column":10}},"68":{"start":{"line":213,"column":8},"end":{"line":213,"column":83}},"69":{"start":{"line":216,"column":8},"end":{"line":216,"column":78}},"70":{"start":{"line":219,"column":4},"end":{"line":221,"column":6}},"71":{"start":{"line":225,"column":0},"end":{"line":228,"column":1}}},"fnMap":{"0":{"name":"(anonymous_0)","decl":{"start":{"line":6,"column":27},"end":{"line":6,"column":28}},"loc":{"start":{"line":6,"column":49},"end":{"line":63,"column":1}},"line":6},"1":{"name":"(anonymous_1)","decl":{"start":{"line":67,"column":18},"end":{"line":67,"column":19}},"loc":{"start":{"line":67,"column":38},"end":{"line":87,"column":1}},"line":67},"2":{"name":"(anonymous_2)","decl":{"start":{"line":89,"column":17},"end":{"line":89,"column":18}},"loc":{"start":{"line":89,"column":37},"end":{"line":105,"column":1}},"line":89},"3":{"name":"(anonymous_3)","decl":{"start":{"line":107,"column":28},"end":{"line":107,"column":29}},"loc":{"start":{"line":107,"column":48},"end":{"line":138,"column":1}},"line":107},"4":{"name":"(anonymous_4)","decl":{"start":{"line":140,"column":30},"end":{"line":140,"column":31}},"loc":{"start":{"line":140,"column":50},"end":{"line":196,"column":1}},"line":140},"5":{"name":"(anonymous_5)","decl":{"start":{"line":200,"column":38},"end":{"line":200,"column":39}},"loc":{"start":{"line":200,"column":58},"end":{"line":222,"column":1}},"line":200}},"branchMap":{"0":{"loc":{"start":{"line":12,"column":23},"end":{"line":12,"column":84}},"type":"cond-expr","locations":[{"start":{"line":12,"column":56},"end":{"line":12,"column":58}},{"start":{"line":12,"column":61},"end":{"line":12,"column":84}}],"line":12},"1":{"loc":{"start":{"line":14,"column":28},"end":{"line":14,"column":99}},"type":"cond-expr","locations":[{"start":{"line":14,"column":66},"end":{"line":14,"column":68}},{"start":{"line":14,"column":71},"end":{"line":14,"column":99}}],"line":14},"2":{"loc":{"start":{"line":15,"column":27},"end":{"line":15,"column":114}},"type":"cond-expr","locations":[{"start":{"line":15,"column":64},"end":{"line":15,"column":66}},{"start":{"line":15,"column":69},"end":{"line":15,"column":114}}],"line":15},"3":{"loc":{"start":{"line":16,"column":37},"end":{"line":16,"column":126}},"type":"cond-expr","locations":[{"start":{"line":16,"column":84},"end":{"line":16,"column":86}},{"start":{"line":16,"column":89},"end":{"line":16,"column":126}}],"line":16},"4":{"loc":{"start":{"line":17,"column":22},"end":{"line":17,"column":85}},"type":"cond-expr","locations":[{"start":{"line":17,"column":54},"end":{"line":17,"column":67}},{"start":{"line":17,"column":70},"end":{"line":17,"column":85}}],"line":17},"5":{"loc":{"start":{"line":34,"column":4},"end":{"line":60,"column":5}},"type":"if","locations":[{"start":{"line":34,"column":4},"end":{"line":60,"column":5}},{"start":{"line":34,"column":4},"end":{"line":60,"column":5}}],"line":34},"6":{"loc":{"start":{"line":34,"column":7},"end":{"line":39,"column":9}},"type":"binary-expr","locations":[{"start":{"line":34,"column":7},"end":{"line":34,"column":15}},{"start":{"line":35,"column":8},"end":{"line":35,"column":51}},{"start":{"line":36,"column":8},"end":{"line":36,"column":69}},{"start":{"line":37,"column":8},"end":{"line":37,"column":49}},{"start":{"line":38,"column":8},"end":{"line":38,"column":39}}],"line":34},"7":{"loc":{"start":{"line":93,"column":4},"end":{"line":98,"column":5}},"type":"if","locations":[{"start":{"line":93,"column":4},"end":{"line":98,"column":5}},{"start":{"line":93,"column":4},"end":{"line":98,"column":5}}],"line":93},"8":{"loc":{"start":{"line":96,"column":9},"end":{"line":98,"column":5}},"type":"if","locations":[{"start":{"line":96,"column":9},"end":{"line":98,"column":5}},{"start":{"line":96,"column":9},"end":{"line":98,"column":5}}],"line":96},"9":{"loc":{"start":{"line":116,"column":4},"end":{"line":126,"column":5}},"type":"if","locations":[{"start":{"line":116,"column":4},"end":{"line":126,"column":5}},{"start":{"line":116,"column":4},"end":{"line":126,"column":5}}],"line":116},"10":{"loc":{"start":{"line":116,"column":7},"end":{"line":116,"column":56}},"type":"binary-expr","locations":[{"start":{"line":116,"column":7},"end":{"line":116,"column":26}},{"start":{"line":116,"column":30},"end":{"line":116,"column":56}}],"line":116},"11":{"loc":{"start":{"line":129,"column":4},"end":{"line":132,"column":5}},"type":"if","locations":[{"start":{"line":129,"column":4},"end":{"line":132,"column":5}},{"start":{"line":129,"column":4},"end":{"line":132,"column":5}}],"line":129},"12":{"loc":{"start":{"line":157,"column":8},"end":{"line":185,"column":9}},"type":"if","locations":[{"start":{"line":157,"column":8},"end":{"line":185,"column":9}},{"start":{"line":157,"column":8},"end":{"line":185,"column":9}}],"line":157},"13":{"loc":{"start":{"line":161,"column":32},"end":{"line":161,"column":74}},"type":"binary-expr","locations":[{"start":{"line":161,"column":32},"end":{"line":161,"column":53}},{"start":{"line":161,"column":57},"end":{"line":161,"column":74}}],"line":161},"14":{"loc":{"start":{"line":162,"column":41},"end":{"line":162,"column":101}},"type":"binary-expr","locations":[{"start":{"line":162,"column":41},"end":{"line":162,"column":71}},{"start":{"line":162,"column":75},"end":{"line":162,"column":101}}],"line":162},"15":{"loc":{"start":{"line":163,"column":27},"end":{"line":163,"column":59}},"type":"binary-expr","locations":[{"start":{"line":163,"column":27},"end":{"line":163,"column":43}},{"start":{"line":163,"column":47},"end":{"line":163,"column":59}}],"line":163},"16":{"loc":{"start":{"line":164,"column":31},"end":{"line":164,"column":71}},"type":"binary-expr","locations":[{"start":{"line":164,"column":31},"end":{"line":164,"column":51}},{"start":{"line":164,"column":55},"end":{"line":164,"column":71}}],"line":164},"17":{"loc":{"start":{"line":165,"column":26},"end":{"line":165,"column":56}},"type":"binary-expr","locations":[{"start":{"line":165,"column":26},"end":{"line":165,"column":41}},{"start":{"line":165,"column":45},"end":{"line":165,"column":56}}],"line":165}},"s":{"0":2,"1":2,"2":2,"3":2,"4":2,"5":0,"6":0,"7":0,"8":0,"9":0,"10":0,"11":0,"12":0,"13":0,"14":0,"15":0,"16":0,"17":0,"18":0,"19":0,"20":2,"21":0,"22":0,"23":0,"24":0,"25":0,"26":0,"27":0,"28":0,"29":0,"30":0,"31":0,"32":0,"33":0,"34":0,"35":0,"36":0,"37":0,"38":0,"39":0,"40":0,"41":0,"42":0,"43":0,"44":0,"45":0,"46":0,"47":0,"48":0,"49":0,"50":0,"51":0,"52":0,"53":0,"54":0,"55":0,"56":0,"57":0,"58":0,"59":0,"60":0,"61":0,"62":0,"63":0,"64":0,"65":0,"66":0,"67":0,"68":0,"69":0,"70":0,"71":2},"f":{"0":0,"1":0,"2":0,"3":0,"4":0,"5":0},"b":{"0":[0,0],"1":[0,0],"2":[0,0],"3":[0,0],"4":[0,0],"5":[0,0],"6":[0,0,0,0,0],"7":[0,0],"8":[0,0],"9":[0,0],"10":[0,0],"11":[0,0],"12":[0,0],"13":[0,0],"14":[0,0],"15":[0,0],"16":[0,0],"17":[0,0]},"_coverageSchema":"1a1c01bbd47fc00a2c39e90264f33305004495a9","hash":"b5c20a477c14db24c761162deb23470ff21caab8"}
,"D:\\Downloads\\programmation\\Qualicom\\chezmessoeurs\\src\\routers\\devis.js": {"path":"D:\\Downloads\\programmation\\Qualicom\\chezmessoeurs\\src\\routers\\devis.js","statementMap":{"0":{"start":{"line":1,"column":16},"end":{"line":1,"column":34}},"1":{"start":{"line":2,"column":15},"end":{"line":2,"column":35}},"2":{"start":{"line":3,"column":12},"end":{"line":3,"column":26}},"3":{"start":{"line":4,"column":75},"end":{"line":4,"column":84}},"4":{"start":{"line":5,"column":68},"end":{"line":5,"column":104}},"5":{"start":{"line":6,"column":32},"end":{"line":6,"column":52}},"6":{"start":{"line":7,"column":31},"end":{"line":7,"column":72}},"7":{"start":{"line":8,"column":18},"end":{"line":8,"column":47}},"8":{"start":{"line":9,"column":15},"end":{"line":9,"column":35}},"9":{"start":{"line":10,"column":53},"end":{"line":10,"column":85}},"10":{"start":{"line":11,"column":15},"end":{"line":11,"column":32}},"11":{"start":{"line":12,"column":24},"end":{"line":12,"column":42}},"12":{"start":{"line":14,"column":20},"end":{"line":142,"column":1}},"13":{"start":{"line":15,"column":16},"end":{"line":15,"column":25}},"14":{"start":{"line":18,"column":4},"end":{"line":81,"column":5}},"15":{"start":{"line":21,"column":23},"end":{"line":21,"column":25}},"16":{"start":{"line":24,"column":8},"end":{"line":28,"column":9}},"17":{"start":{"line":25,"column":12},"end":{"line":25,"column":70}},"18":{"start":{"line":26,"column":12},"end":{"line":26,"column":79}},"19":{"start":{"line":27,"column":12},"end":{"line":27,"column":88}},"20":{"start":{"line":30,"column":8},"end":{"line":35,"column":9}},"21":{"start":{"line":31,"column":12},"end":{"line":31,"column":70}},"22":{"start":{"line":32,"column":12},"end":{"line":32,"column":79}},"23":{"start":{"line":33,"column":12},"end":{"line":33,"column":88}},"24":{"start":{"line":34,"column":12},"end":{"line":34,"column":90}},"25":{"start":{"line":37,"column":8},"end":{"line":40,"column":9}},"26":{"start":{"line":38,"column":12},"end":{"line":38,"column":55}},"27":{"start":{"line":39,"column":12},"end":{"line":39,"column":69}},"28":{"start":{"line":42,"column":8},"end":{"line":55,"column":9}},"29":{"start":{"line":43,"column":12},"end":{"line":43,"column":64}},"30":{"start":{"line":44,"column":12},"end":{"line":44,"column":45}},"31":{"start":{"line":45,"column":12},"end":{"line":45,"column":46}},"32":{"start":{"line":46,"column":12},"end":{"line":46,"column":75}},"33":{"start":{"line":47,"column":12},"end":{"line":47,"column":72}},"34":{"start":{"line":48,"column":12},"end":{"line":48,"column":74}},"35":{"start":{"line":49,"column":12},"end":{"line":51,"column":13}},"36":{"start":{"line":50,"column":16},"end":{"line":50,"column":175}},"37":{"start":{"line":52,"column":12},"end":{"line":54,"column":13}},"38":{"start":{"line":53,"column":16},"end":{"line":53,"column":178}},"39":{"start":{"line":57,"column":25},"end":{"line":57,"column":53}},"40":{"start":{"line":60,"column":21},"end":{"line":66,"column":10}},"41":{"start":{"line":69,"column":8},"end":{"line":69,"column":39}},"42":{"start":{"line":70,"column":8},"end":{"line":70,"column":47}},"43":{"start":{"line":71,"column":8},"end":{"line":71,"column":133}},"44":{"start":{"line":72,"column":8},"end":{"line":72,"column":133}},"45":{"start":{"line":73,"column":8},"end":{"line":73,"column":113}},"46":{"start":{"line":74,"column":8},"end":{"line":74,"column":125}},"47":{"start":{"line":76,"column":8},"end":{"line":76,"column":63}},"48":{"start":{"line":77,"column":8},"end":{"line":77,"column":63}},"49":{"start":{"line":78,"column":8},"end":{"line":78,"column":53}},"50":{"start":{"line":79,"column":8},"end":{"line":79,"column":59}},"51":{"start":{"line":80,"column":8},"end":{"line":80,"column":34}},"52":{"start":{"line":85,"column":17},"end":{"line":85,"column":18}},"53":{"start":{"line":86,"column":18},"end":{"line":86,"column":19}},"54":{"start":{"line":88,"column":4},"end":{"line":90,"column":5}},"55":{"start":{"line":89,"column":8},"end":{"line":89,"column":53}},"56":{"start":{"line":91,"column":4},"end":{"line":93,"column":5}},"57":{"start":{"line":92,"column":8},"end":{"line":92,"column":53}},"58":{"start":{"line":94,"column":4},"end":{"line":96,"column":5}},"59":{"start":{"line":95,"column":8},"end":{"line":95,"column":48}},"60":{"start":{"line":97,"column":4},"end":{"line":99,"column":5}},"61":{"start":{"line":98,"column":8},"end":{"line":98,"column":51}},"62":{"start":{"line":101,"column":4},"end":{"line":101,"column":26}},"63":{"start":{"line":103,"column":28},"end":{"line":103,"column":65}},"64":{"start":{"line":104,"column":4},"end":{"line":106,"column":5}},"65":{"start":{"line":105,"column":8},"end":{"line":105,"column":56}},"66":{"start":{"line":108,"column":26},"end":{"line":108,"column":98}},"67":{"start":{"line":110,"column":22},"end":{"line":110,"column":86}},"68":{"start":{"line":113,"column":4},"end":{"line":128,"column":6}},"69":{"start":{"line":131,"column":4},"end":{"line":135,"column":5}},"70":{"start":{"line":133,"column":8},"end":{"line":133,"column":37}},"71":{"start":{"line":134,"column":8},"end":{"line":134,"column":31}},"72":{"start":{"line":138,"column":4},"end":{"line":138,"column":55}},"73":{"start":{"line":139,"column":4},"end":{"line":139,"column":34}},"74":{"start":{"line":141,"column":4},"end":{"line":141,"column":16}},"75":{"start":{"line":145,"column":26},"end":{"line":207,"column":1}},"76":{"start":{"line":146,"column":25},"end":{"line":146,"column":27}},"77":{"start":{"line":147,"column":4},"end":{"line":204,"column":5}},"78":{"start":{"line":148,"column":155},"end":{"line":148,"column":156}},"79":{"start":{"line":150,"column":31},"end":{"line":150,"column":35}},"80":{"start":{"line":151,"column":31},"end":{"line":151,"column":35}},"81":{"start":{"line":152,"column":26},"end":{"line":152,"column":30}},"82":{"start":{"line":153,"column":29},"end":{"line":153,"column":33}},"83":{"start":{"line":156,"column":8},"end":{"line":162,"column":9}},"84":{"start":{"line":157,"column":12},"end":{"line":161,"column":14}},"85":{"start":{"line":163,"column":8},"end":{"line":169,"column":9}},"86":{"start":{"line":164,"column":12},"end":{"line":168,"column":14}},"87":{"start":{"line":170,"column":8},"end":{"line":176,"column":9}},"88":{"start":{"line":171,"column":12},"end":{"line":175,"column":14}},"89":{"start":{"line":177,"column":8},"end":{"line":183,"column":9}},"90":{"start":{"line":178,"column":12},"end":{"line":182,"column":14}},"91":{"start":{"line":186,"column":40},"end":{"line":186,"column":144}},"92":{"start":{"line":187,"column":40},"end":{"line":187,"column":189}},"93":{"start":{"line":188,"column":35},"end":{"line":188,"column":85}},"94":{"start":{"line":189,"column":38},"end":{"line":189,"column":179}},"95":{"start":{"line":191,"column":22},"end":{"line":201,"column":9}},"96":{"start":{"line":203,"column":8},"end":{"line":203,"column":34}},"97":{"start":{"line":206,"column":4},"end":{"line":206,"column":25}},"98":{"start":{"line":209,"column":17},"end":{"line":324,"column":1}},"99":{"start":{"line":210,"column":18},"end":{"line":218,"column":6}},"100":{"start":{"line":220,"column":4},"end":{"line":222,"column":5}},"101":{"start":{"line":221,"column":8},"end":{"line":221,"column":47}},"102":{"start":{"line":224,"column":20},"end":{"line":224,"column":68}},"103":{"start":{"line":227,"column":4},"end":{"line":243,"column":5}},"104":{"start":{"line":229,"column":8},"end":{"line":229,"column":293}},"105":{"start":{"line":229,"column":126},"end":{"line":229,"column":293}},"106":{"start":{"line":230,"column":39},"end":{"line":230,"column":97}},"107":{"start":{"line":232,"column":8},"end":{"line":234,"column":9}},"108":{"start":{"line":233,"column":12},"end":{"line":233,"column":97}},"109":{"start":{"line":237,"column":8},"end":{"line":237,"column":303}},"110":{"start":{"line":237,"column":130},"end":{"line":237,"column":303}},"111":{"start":{"line":238,"column":41},"end":{"line":238,"column":101}},"112":{"start":{"line":244,"column":4},"end":{"line":268,"column":5}},"113":{"start":{"line":246,"column":8},"end":{"line":246,"column":293}},"114":{"start":{"line":246,"column":126},"end":{"line":246,"column":293}},"115":{"start":{"line":247,"column":39},"end":{"line":247,"column":97}},"116":{"start":{"line":249,"column":8},"end":{"line":251,"column":9}},"117":{"start":{"line":250,"column":12},"end":{"line":250,"column":104}},"118":{"start":{"line":254,"column":8},"end":{"line":254,"column":298}},"119":{"start":{"line":254,"column":128},"end":{"line":254,"column":298}},"120":{"start":{"line":255,"column":40},"end":{"line":255,"column":99}},"121":{"start":{"line":257,"column":8},"end":{"line":259,"column":9}},"122":{"start":{"line":258,"column":12},"end":{"line":258,"column":105}},"123":{"start":{"line":262,"column":8},"end":{"line":262,"column":303}},"124":{"start":{"line":262,"column":130},"end":{"line":262,"column":303}},"125":{"start":{"line":263,"column":41},"end":{"line":263,"column":101}},"126":{"start":{"line":269,"column":4},"end":{"line":296,"column":5}},"127":{"start":{"line":271,"column":8},"end":{"line":271,"column":268}},"128":{"start":{"line":271,"column":116},"end":{"line":271,"column":268}},"129":{"start":{"line":272,"column":39},"end":{"line":272,"column":92}},"130":{"start":{"line":275,"column":8},"end":{"line":277,"column":9}},"131":{"start":{"line":276,"column":12},"end":{"line":276,"column":99}},"132":{"start":{"line":280,"column":8},"end":{"line":280,"column":273}},"133":{"start":{"line":280,"column":118},"end":{"line":280,"column":273}},"134":{"start":{"line":281,"column":40},"end":{"line":281,"column":94}},"135":{"start":{"line":284,"column":8},"end":{"line":286,"column":9}},"136":{"start":{"line":285,"column":12},"end":{"line":285,"column":100}},"137":{"start":{"line":289,"column":8},"end":{"line":289,"column":278}},"138":{"start":{"line":289,"column":120},"end":{"line":289,"column":278}},"139":{"start":{"line":290,"column":41},"end":{"line":290,"column":96}},"140":{"start":{"line":297,"column":4},"end":{"line":321,"column":5}},"141":{"start":{"line":299,"column":8},"end":{"line":299,"column":283}},"142":{"start":{"line":299,"column":122},"end":{"line":299,"column":283}},"143":{"start":{"line":300,"column":39},"end":{"line":300,"column":95}},"144":{"start":{"line":302,"column":8},"end":{"line":304,"column":9}},"145":{"start":{"line":303,"column":12},"end":{"line":303,"column":102}},"146":{"start":{"line":307,"column":8},"end":{"line":307,"column":288}},"147":{"start":{"line":307,"column":124},"end":{"line":307,"column":288}},"148":{"start":{"line":308,"column":40},"end":{"line":308,"column":97}},"149":{"start":{"line":310,"column":8},"end":{"line":312,"column":9}},"150":{"start":{"line":311,"column":12},"end":{"line":311,"column":103}},"151":{"start":{"line":315,"column":8},"end":{"line":315,"column":293}},"152":{"start":{"line":315,"column":126},"end":{"line":315,"column":293}},"153":{"start":{"line":316,"column":41},"end":{"line":316,"column":99}},"154":{"start":{"line":323,"column":4},"end":{"line":323,"column":16}},"155":{"start":{"line":326,"column":0},"end":{"line":1391,"column":2}},"156":{"start":{"line":329,"column":16},"end":{"line":329,"column":25}},"157":{"start":{"line":331,"column":18},"end":{"line":341,"column":5}},"158":{"start":{"line":344,"column":32},"end":{"line":348,"column":6}},"159":{"start":{"line":349,"column":33},"end":{"line":353,"column":6}},"160":{"start":{"line":354,"column":34},"end":{"line":358,"column":6}},"161":{"start":{"line":361,"column":25},"end":{"line":365,"column":6}},"162":{"start":{"line":368,"column":31},"end":{"line":368,"column":62}},"163":{"start":{"line":370,"column":19},"end":{"line":382,"column":5}},"164":{"start":{"line":385,"column":4},"end":{"line":393,"column":6}},"165":{"start":{"line":386,"column":8},"end":{"line":392,"column":9}},"166":{"start":{"line":387,"column":12},"end":{"line":387,"column":26}},"167":{"start":{"line":390,"column":12},"end":{"line":390,"column":59}},"168":{"start":{"line":391,"column":12},"end":{"line":391,"column":39}},"169":{"start":{"line":406,"column":19},"end":{"line":422,"column":5}},"170":{"start":{"line":425,"column":30},"end":{"line":436,"column":6}},"171":{"start":{"line":437,"column":30},"end":{"line":448,"column":6}},"172":{"start":{"line":449,"column":30},"end":{"line":460,"column":6}},"173":{"start":{"line":463,"column":4},"end":{"line":489,"column":5}},"174":{"start":{"line":464,"column":8},"end":{"line":464,"column":132}},"175":{"start":{"line":468,"column":8},"end":{"line":470,"column":9}},"176":{"start":{"line":469,"column":12},"end":{"line":469,"column":88}},"177":{"start":{"line":471,"column":8},"end":{"line":473,"column":9}},"178":{"start":{"line":472,"column":12},"end":{"line":472,"column":87}},"179":{"start":{"line":474,"column":8},"end":{"line":476,"column":9}},"180":{"start":{"line":475,"column":12},"end":{"line":475,"column":87}},"181":{"start":{"line":479,"column":8},"end":{"line":481,"column":9}},"182":{"start":{"line":480,"column":12},"end":{"line":480,"column":81}},"183":{"start":{"line":482,"column":8},"end":{"line":484,"column":9}},"184":{"start":{"line":483,"column":12},"end":{"line":483,"column":80}},"185":{"start":{"line":485,"column":8},"end":{"line":487,"column":9}},"186":{"start":{"line":486,"column":12},"end":{"line":486,"column":80}},"187":{"start":{"line":491,"column":4},"end":{"line":496,"column":6}},"188":{"start":{"line":500,"column":18},"end":{"line":500,"column":37}},"189":{"start":{"line":503,"column":19},"end":{"line":503,"column":41}},"190":{"start":{"line":504,"column":16},"end":{"line":504,"column":25}},"191":{"start":{"line":506,"column":18},"end":{"line":514,"column":6}},"192":{"start":{"line":517,"column":4},"end":{"line":831,"column":5}},"193":{"start":{"line":519,"column":37},"end":{"line":519,"column":39}},"194":{"start":{"line":520,"column":39},"end":{"line":520,"column":41}},"195":{"start":{"line":521,"column":37},"end":{"line":521,"column":39}},"196":{"start":{"line":522,"column":38},"end":{"line":522,"column":40}},"197":{"start":{"line":523,"column":39},"end":{"line":523,"column":41}},"198":{"start":{"line":524,"column":32},"end":{"line":524,"column":34}},"199":{"start":{"line":525,"column":33},"end":{"line":525,"column":35}},"200":{"start":{"line":526,"column":34},"end":{"line":526,"column":36}},"201":{"start":{"line":527,"column":35},"end":{"line":527,"column":37}},"202":{"start":{"line":528,"column":36},"end":{"line":528,"column":38}},"203":{"start":{"line":529,"column":37},"end":{"line":529,"column":39}},"204":{"start":{"line":531,"column":8},"end":{"line":573,"column":9}},"205":{"start":{"line":532,"column":36},"end":{"line":532,"column":45}},"206":{"start":{"line":533,"column":38},"end":{"line":533,"column":47}},"207":{"start":{"line":536,"column":12},"end":{"line":553,"column":13}},"208":{"start":{"line":537,"column":16},"end":{"line":537,"column":94}},"209":{"start":{"line":539,"column":16},"end":{"line":539,"column":39}},"210":{"start":{"line":542,"column":16},"end":{"line":542,"column":43}},"211":{"start":{"line":543,"column":16},"end":{"line":552,"column":17}},"212":{"start":{"line":544,"column":36},"end":{"line":548,"column":22}},"213":{"start":{"line":549,"column":20},"end":{"line":551,"column":21}},"214":{"start":{"line":550,"column":24},"end":{"line":550,"column":60}},"215":{"start":{"line":554,"column":12},"end":{"line":571,"column":13}},"216":{"start":{"line":555,"column":16},"end":{"line":555,"column":98}},"217":{"start":{"line":557,"column":16},"end":{"line":557,"column":41}},"218":{"start":{"line":560,"column":16},"end":{"line":560,"column":45}},"219":{"start":{"line":561,"column":16},"end":{"line":570,"column":17}},"220":{"start":{"line":562,"column":36},"end":{"line":566,"column":22}},"221":{"start":{"line":567,"column":20},"end":{"line":569,"column":21}},"222":{"start":{"line":568,"column":24},"end":{"line":568,"column":62}},"223":{"start":{"line":574,"column":8},"end":{"line":634,"column":9}},"224":{"start":{"line":575,"column":36},"end":{"line":575,"column":45}},"225":{"start":{"line":576,"column":37},"end":{"line":576,"column":46}},"226":{"start":{"line":577,"column":38},"end":{"line":577,"column":47}},"227":{"start":{"line":580,"column":12},"end":{"line":597,"column":13}},"228":{"start":{"line":581,"column":16},"end":{"line":581,"column":94}},"229":{"start":{"line":583,"column":16},"end":{"line":583,"column":39}},"230":{"start":{"line":586,"column":16},"end":{"line":586,"column":43}},"231":{"start":{"line":587,"column":16},"end":{"line":596,"column":17}},"232":{"start":{"line":588,"column":36},"end":{"line":592,"column":22}},"233":{"start":{"line":593,"column":20},"end":{"line":595,"column":21}},"234":{"start":{"line":594,"column":24},"end":{"line":594,"column":60}},"235":{"start":{"line":598,"column":12},"end":{"line":615,"column":13}},"236":{"start":{"line":599,"column":16},"end":{"line":599,"column":96}},"237":{"start":{"line":601,"column":16},"end":{"line":601,"column":40}},"238":{"start":{"line":604,"column":16},"end":{"line":604,"column":44}},"239":{"start":{"line":605,"column":16},"end":{"line":614,"column":17}},"240":{"start":{"line":606,"column":36},"end":{"line":610,"column":22}},"241":{"start":{"line":611,"column":20},"end":{"line":613,"column":21}},"242":{"start":{"line":612,"column":24},"end":{"line":612,"column":61}},"243":{"start":{"line":616,"column":12},"end":{"line":633,"column":13}},"244":{"start":{"line":617,"column":16},"end":{"line":617,"column":98}},"245":{"start":{"line":619,"column":16},"end":{"line":619,"column":41}},"246":{"start":{"line":622,"column":16},"end":{"line":622,"column":45}},"247":{"start":{"line":623,"column":16},"end":{"line":632,"column":17}},"248":{"start":{"line":624,"column":36},"end":{"line":628,"column":22}},"249":{"start":{"line":629,"column":20},"end":{"line":631,"column":21}},"250":{"start":{"line":630,"column":24},"end":{"line":630,"column":62}},"251":{"start":{"line":635,"column":8},"end":{"line":695,"column":9}},"252":{"start":{"line":636,"column":36},"end":{"line":636,"column":45}},"253":{"start":{"line":637,"column":37},"end":{"line":637,"column":46}},"254":{"start":{"line":638,"column":38},"end":{"line":638,"column":47}},"255":{"start":{"line":641,"column":12},"end":{"line":658,"column":13}},"256":{"start":{"line":642,"column":16},"end":{"line":642,"column":89}},"257":{"start":{"line":644,"column":16},"end":{"line":644,"column":39}},"258":{"start":{"line":647,"column":16},"end":{"line":647,"column":38}},"259":{"start":{"line":648,"column":16},"end":{"line":657,"column":17}},"260":{"start":{"line":649,"column":36},"end":{"line":653,"column":22}},"261":{"start":{"line":654,"column":20},"end":{"line":656,"column":21}},"262":{"start":{"line":655,"column":24},"end":{"line":655,"column":55}},"263":{"start":{"line":659,"column":12},"end":{"line":676,"column":13}},"264":{"start":{"line":660,"column":16},"end":{"line":660,"column":91}},"265":{"start":{"line":662,"column":16},"end":{"line":662,"column":40}},"266":{"start":{"line":665,"column":16},"end":{"line":665,"column":39}},"267":{"start":{"line":666,"column":16},"end":{"line":675,"column":17}},"268":{"start":{"line":667,"column":36},"end":{"line":671,"column":22}},"269":{"start":{"line":672,"column":20},"end":{"line":674,"column":21}},"270":{"start":{"line":673,"column":24},"end":{"line":673,"column":56}},"271":{"start":{"line":677,"column":12},"end":{"line":694,"column":13}},"272":{"start":{"line":678,"column":16},"end":{"line":678,"column":93}},"273":{"start":{"line":680,"column":16},"end":{"line":680,"column":41}},"274":{"start":{"line":683,"column":16},"end":{"line":683,"column":40}},"275":{"start":{"line":684,"column":16},"end":{"line":693,"column":17}},"276":{"start":{"line":685,"column":36},"end":{"line":689,"column":22}},"277":{"start":{"line":690,"column":20},"end":{"line":692,"column":21}},"278":{"start":{"line":691,"column":24},"end":{"line":691,"column":57}},"279":{"start":{"line":696,"column":8},"end":{"line":756,"column":9}},"280":{"start":{"line":697,"column":36},"end":{"line":697,"column":45}},"281":{"start":{"line":698,"column":37},"end":{"line":698,"column":46}},"282":{"start":{"line":699,"column":38},"end":{"line":699,"column":47}},"283":{"start":{"line":702,"column":12},"end":{"line":719,"column":13}},"284":{"start":{"line":703,"column":16},"end":{"line":703,"column":92}},"285":{"start":{"line":705,"column":16},"end":{"line":705,"column":39}},"286":{"start":{"line":708,"column":16},"end":{"line":708,"column":41}},"287":{"start":{"line":709,"column":16},"end":{"line":718,"column":17}},"288":{"start":{"line":710,"column":36},"end":{"line":714,"column":22}},"289":{"start":{"line":715,"column":20},"end":{"line":717,"column":21}},"290":{"start":{"line":716,"column":24},"end":{"line":716,"column":58}},"291":{"start":{"line":720,"column":12},"end":{"line":737,"column":13}},"292":{"start":{"line":721,"column":16},"end":{"line":721,"column":94}},"293":{"start":{"line":723,"column":16},"end":{"line":723,"column":40}},"294":{"start":{"line":726,"column":16},"end":{"line":726,"column":42}},"295":{"start":{"line":727,"column":16},"end":{"line":736,"column":17}},"296":{"start":{"line":728,"column":36},"end":{"line":732,"column":22}},"297":{"start":{"line":733,"column":20},"end":{"line":735,"column":21}},"298":{"start":{"line":734,"column":24},"end":{"line":734,"column":59}},"299":{"start":{"line":738,"column":12},"end":{"line":755,"column":13}},"300":{"start":{"line":739,"column":16},"end":{"line":739,"column":96}},"301":{"start":{"line":741,"column":16},"end":{"line":741,"column":41}},"302":{"start":{"line":744,"column":16},"end":{"line":744,"column":43}},"303":{"start":{"line":745,"column":16},"end":{"line":754,"column":17}},"304":{"start":{"line":746,"column":36},"end":{"line":750,"column":22}},"305":{"start":{"line":751,"column":20},"end":{"line":753,"column":21}},"306":{"start":{"line":752,"column":24},"end":{"line":752,"column":60}},"307":{"start":{"line":758,"column":35},"end":{"line":758,"column":44}},"308":{"start":{"line":759,"column":37},"end":{"line":759,"column":39}},"309":{"start":{"line":760,"column":8},"end":{"line":778,"column":9}},"310":{"start":{"line":761,"column":31},"end":{"line":761,"column":61}},"311":{"start":{"line":763,"column":12},"end":{"line":763,"column":28}},"312":{"start":{"line":766,"column":12},"end":{"line":766,"column":37}},"313":{"start":{"line":767,"column":12},"end":{"line":777,"column":13}},"314":{"start":{"line":768,"column":31},"end":{"line":772,"column":18}},"315":{"start":{"line":773,"column":16},"end":{"line":776,"column":17}},"316":{"start":{"line":774,"column":20},"end":{"line":774,"column":53}},"317":{"start":{"line":775,"column":20},"end":{"line":775,"column":72}},"318":{"start":{"line":781,"column":36},"end":{"line":785,"column":10}},"319":{"start":{"line":786,"column":37},"end":{"line":790,"column":10}},"320":{"start":{"line":791,"column":38},"end":{"line":795,"column":10}},"321":{"start":{"line":798,"column":29},"end":{"line":805,"column":10}},"322":{"start":{"line":808,"column":35},"end":{"line":808,"column":66}},"323":{"start":{"line":811,"column":8},"end":{"line":811,"column":62}},"324":{"start":{"line":812,"column":8},"end":{"line":812,"column":66}},"325":{"start":{"line":813,"column":8},"end":{"line":813,"column":62}},"326":{"start":{"line":814,"column":8},"end":{"line":814,"column":64}},"327":{"start":{"line":815,"column":8},"end":{"line":815,"column":66}},"328":{"start":{"line":816,"column":8},"end":{"line":816,"column":52}},"329":{"start":{"line":817,"column":8},"end":{"line":817,"column":54}},"330":{"start":{"line":818,"column":8},"end":{"line":818,"column":56}},"331":{"start":{"line":819,"column":8},"end":{"line":819,"column":58}},"332":{"start":{"line":820,"column":8},"end":{"line":820,"column":60}},"333":{"start":{"line":821,"column":8},"end":{"line":821,"column":62}},"334":{"start":{"line":822,"column":8},"end":{"line":822,"column":58}},"335":{"start":{"line":823,"column":8},"end":{"line":823,"column":56}},"336":{"start":{"line":824,"column":8},"end":{"line":824,"column":58}},"337":{"start":{"line":825,"column":8},"end":{"line":825,"column":60}},"338":{"start":{"line":826,"column":8},"end":{"line":826,"column":42}},"339":{"start":{"line":827,"column":8},"end":{"line":827,"column":54}},"340":{"start":{"line":830,"column":8},"end":{"line":830,"column":76}},"341":{"start":{"line":833,"column":4},"end":{"line":833,"column":24}},"342":{"start":{"line":834,"column":4},"end":{"line":834,"column":24}},"343":{"start":{"line":835,"column":4},"end":{"line":835,"column":62}},"344":{"start":{"line":836,"column":4},"end":{"line":836,"column":26}},"345":{"start":{"line":839,"column":4},"end":{"line":847,"column":6}},"346":{"start":{"line":840,"column":8},"end":{"line":846,"column":9}},"347":{"start":{"line":841,"column":12},"end":{"line":841,"column":26}},"348":{"start":{"line":844,"column":12},"end":{"line":844,"column":59}},"349":{"start":{"line":845,"column":12},"end":{"line":845,"column":39}},"350":{"start":{"line":850,"column":24},"end":{"line":850,"column":43}},"351":{"start":{"line":852,"column":4},"end":{"line":1058,"column":5}},"352":{"start":{"line":854,"column":22},"end":{"line":854,"column":49}},"353":{"start":{"line":857,"column":22},"end":{"line":857,"column":24}},"354":{"start":{"line":858,"column":8},"end":{"line":858,"column":39}},"355":{"start":{"line":859,"column":8},"end":{"line":859,"column":51}},"356":{"start":{"line":860,"column":8},"end":{"line":860,"column":57}},"357":{"start":{"line":861,"column":8},"end":{"line":861,"column":63}},"358":{"start":{"line":863,"column":8},"end":{"line":863,"column":88}},"359":{"start":{"line":864,"column":8},"end":{"line":864,"column":49}},"360":{"start":{"line":865,"column":8},"end":{"line":865,"column":88}},"361":{"start":{"line":866,"column":8},"end":{"line":866,"column":49}},"362":{"start":{"line":867,"column":8},"end":{"line":867,"column":78}},"363":{"start":{"line":868,"column":8},"end":{"line":868,"column":39}},"364":{"start":{"line":869,"column":8},"end":{"line":869,"column":84}},"365":{"start":{"line":870,"column":8},"end":{"line":870,"column":45}},"366":{"start":{"line":871,"column":8},"end":{"line":871,"column":45}},"367":{"start":{"line":872,"column":8},"end":{"line":872,"column":32}},"368":{"start":{"line":873,"column":8},"end":{"line":873,"column":37}},"369":{"start":{"line":874,"column":8},"end":{"line":874,"column":39}},"370":{"start":{"line":877,"column":8},"end":{"line":905,"column":9}},"371":{"start":{"line":878,"column":12},"end":{"line":878,"column":52}},"372":{"start":{"line":880,"column":43},"end":{"line":880,"column":101}},"373":{"start":{"line":882,"column":12},"end":{"line":882,"column":61}},"374":{"start":{"line":883,"column":12},"end":{"line":891,"column":13}},"375":{"start":{"line":884,"column":16},"end":{"line":884,"column":38}},"376":{"start":{"line":884,"column":30},"end":{"line":884,"column":38}},"377":{"start":{"line":885,"column":32},"end":{"line":889,"column":18}},"378":{"start":{"line":890,"column":16},"end":{"line":890,"column":99}},"379":{"start":{"line":890,"column":37},"end":{"line":890,"column":99}},"380":{"start":{"line":893,"column":45},"end":{"line":893,"column":105}},"381":{"start":{"line":895,"column":12},"end":{"line":895,"column":63}},"382":{"start":{"line":896,"column":12},"end":{"line":904,"column":13}},"383":{"start":{"line":897,"column":16},"end":{"line":897,"column":38}},"384":{"start":{"line":897,"column":30},"end":{"line":897,"column":38}},"385":{"start":{"line":898,"column":32},"end":{"line":902,"column":18}},"386":{"start":{"line":903,"column":16},"end":{"line":903,"column":101}},"387":{"start":{"line":903,"column":37},"end":{"line":903,"column":101}},"388":{"start":{"line":906,"column":8},"end":{"line":947,"column":9}},"389":{"start":{"line":907,"column":12},"end":{"line":907,"column":52}},"390":{"start":{"line":909,"column":43},"end":{"line":909,"column":101}},"391":{"start":{"line":911,"column":12},"end":{"line":911,"column":61}},"392":{"start":{"line":912,"column":12},"end":{"line":920,"column":13}},"393":{"start":{"line":913,"column":16},"end":{"line":913,"column":38}},"394":{"start":{"line":913,"column":30},"end":{"line":913,"column":38}},"395":{"start":{"line":914,"column":32},"end":{"line":918,"column":18}},"396":{"start":{"line":919,"column":16},"end":{"line":919,"column":99}},"397":{"start":{"line":919,"column":37},"end":{"line":919,"column":99}},"398":{"start":{"line":922,"column":44},"end":{"line":922,"column":103}},"399":{"start":{"line":924,"column":12},"end":{"line":924,"column":62}},"400":{"start":{"line":925,"column":12},"end":{"line":933,"column":13}},"401":{"start":{"line":926,"column":16},"end":{"line":926,"column":38}},"402":{"start":{"line":926,"column":30},"end":{"line":926,"column":38}},"403":{"start":{"line":927,"column":32},"end":{"line":931,"column":18}},"404":{"start":{"line":932,"column":16},"end":{"line":932,"column":100}},"405":{"start":{"line":932,"column":37},"end":{"line":932,"column":100}},"406":{"start":{"line":935,"column":45},"end":{"line":935,"column":105}},"407":{"start":{"line":937,"column":12},"end":{"line":937,"column":63}},"408":{"start":{"line":938,"column":12},"end":{"line":946,"column":13}},"409":{"start":{"line":939,"column":16},"end":{"line":939,"column":38}},"410":{"start":{"line":939,"column":30},"end":{"line":939,"column":38}},"411":{"start":{"line":940,"column":32},"end":{"line":944,"column":18}},"412":{"start":{"line":945,"column":16},"end":{"line":945,"column":101}},"413":{"start":{"line":945,"column":37},"end":{"line":945,"column":101}},"414":{"start":{"line":948,"column":8},"end":{"line":989,"column":9}},"415":{"start":{"line":949,"column":12},"end":{"line":949,"column":42}},"416":{"start":{"line":951,"column":43},"end":{"line":951,"column":96}},"417":{"start":{"line":953,"column":12},"end":{"line":953,"column":56}},"418":{"start":{"line":954,"column":12},"end":{"line":962,"column":13}},"419":{"start":{"line":955,"column":16},"end":{"line":955,"column":38}},"420":{"start":{"line":955,"column":30},"end":{"line":955,"column":38}},"421":{"start":{"line":956,"column":32},"end":{"line":960,"column":18}},"422":{"start":{"line":961,"column":16},"end":{"line":961,"column":94}},"423":{"start":{"line":961,"column":37},"end":{"line":961,"column":94}},"424":{"start":{"line":964,"column":44},"end":{"line":964,"column":98}},"425":{"start":{"line":966,"column":12},"end":{"line":966,"column":57}},"426":{"start":{"line":967,"column":12},"end":{"line":975,"column":13}},"427":{"start":{"line":968,"column":16},"end":{"line":968,"column":38}},"428":{"start":{"line":968,"column":30},"end":{"line":968,"column":38}},"429":{"start":{"line":969,"column":32},"end":{"line":973,"column":18}},"430":{"start":{"line":974,"column":16},"end":{"line":974,"column":95}},"431":{"start":{"line":974,"column":37},"end":{"line":974,"column":95}},"432":{"start":{"line":977,"column":45},"end":{"line":977,"column":100}},"433":{"start":{"line":979,"column":12},"end":{"line":979,"column":58}},"434":{"start":{"line":980,"column":12},"end":{"line":988,"column":13}},"435":{"start":{"line":981,"column":16},"end":{"line":981,"column":38}},"436":{"start":{"line":981,"column":30},"end":{"line":981,"column":38}},"437":{"start":{"line":982,"column":32},"end":{"line":986,"column":18}},"438":{"start":{"line":987,"column":16},"end":{"line":987,"column":96}},"439":{"start":{"line":987,"column":37},"end":{"line":987,"column":96}},"440":{"start":{"line":990,"column":8},"end":{"line":1031,"column":9}},"441":{"start":{"line":991,"column":12},"end":{"line":991,"column":48}},"442":{"start":{"line":993,"column":43},"end":{"line":993,"column":99}},"443":{"start":{"line":995,"column":12},"end":{"line":995,"column":59}},"444":{"start":{"line":996,"column":12},"end":{"line":1004,"column":13}},"445":{"start":{"line":997,"column":16},"end":{"line":997,"column":38}},"446":{"start":{"line":997,"column":30},"end":{"line":997,"column":38}},"447":{"start":{"line":998,"column":32},"end":{"line":1002,"column":18}},"448":{"start":{"line":1003,"column":16},"end":{"line":1003,"column":97}},"449":{"start":{"line":1003,"column":37},"end":{"line":1003,"column":97}},"450":{"start":{"line":1006,"column":44},"end":{"line":1006,"column":101}},"451":{"start":{"line":1008,"column":12},"end":{"line":1008,"column":60}},"452":{"start":{"line":1009,"column":12},"end":{"line":1017,"column":13}},"453":{"start":{"line":1010,"column":16},"end":{"line":1010,"column":38}},"454":{"start":{"line":1010,"column":30},"end":{"line":1010,"column":38}},"455":{"start":{"line":1011,"column":32},"end":{"line":1015,"column":18}},"456":{"start":{"line":1016,"column":16},"end":{"line":1016,"column":98}},"457":{"start":{"line":1016,"column":37},"end":{"line":1016,"column":98}},"458":{"start":{"line":1019,"column":45},"end":{"line":1019,"column":103}},"459":{"start":{"line":1021,"column":12},"end":{"line":1021,"column":61}},"460":{"start":{"line":1022,"column":12},"end":{"line":1030,"column":13}},"461":{"start":{"line":1023,"column":16},"end":{"line":1023,"column":38}},"462":{"start":{"line":1023,"column":30},"end":{"line":1023,"column":38}},"463":{"start":{"line":1024,"column":32},"end":{"line":1028,"column":18}},"464":{"start":{"line":1029,"column":16},"end":{"line":1029,"column":99}},"465":{"start":{"line":1029,"column":37},"end":{"line":1029,"column":99}},"466":{"start":{"line":1034,"column":8},"end":{"line":1045,"column":9}},"467":{"start":{"line":1035,"column":31},"end":{"line":1035,"column":61}},"468":{"start":{"line":1036,"column":12},"end":{"line":1044,"column":13}},"469":{"start":{"line":1037,"column":16},"end":{"line":1037,"column":38}},"470":{"start":{"line":1037,"column":30},"end":{"line":1037,"column":38}},"471":{"start":{"line":1038,"column":31},"end":{"line":1042,"column":18}},"472":{"start":{"line":1043,"column":16},"end":{"line":1043,"column":124}},"473":{"start":{"line":1043,"column":36},"end":{"line":1043,"column":124}},"474":{"start":{"line":1047,"column":8},"end":{"line":1047,"column":29}},"475":{"start":{"line":1050,"column":8},"end":{"line":1050,"column":52}},"476":{"start":{"line":1051,"column":8},"end":{"line":1051,"column":31}},"477":{"start":{"line":1053,"column":8},"end":{"line":1053,"column":26}},"478":{"start":{"line":1054,"column":8},"end":{"line":1054,"column":33}},"479":{"start":{"line":1057,"column":8},"end":{"line":1057,"column":40}},"480":{"start":{"line":1067,"column":22},"end":{"line":1067,"column":41}},"481":{"start":{"line":1068,"column":17},"end":{"line":1068,"column":25}},"482":{"start":{"line":1069,"column":4},"end":{"line":1069,"column":49}},"483":{"start":{"line":1071,"column":16},"end":{"line":1071,"column":25}},"484":{"start":{"line":1072,"column":16},"end":{"line":1072,"column":25}},"485":{"start":{"line":1074,"column":4},"end":{"line":1321,"column":5}},"486":{"start":{"line":1076,"column":8},"end":{"line":1094,"column":9}},"487":{"start":{"line":1077,"column":12},"end":{"line":1093,"column":13}},"488":{"start":{"line":1079,"column":16},"end":{"line":1079,"column":52}},"489":{"start":{"line":1080,"column":16},"end":{"line":1086,"column":17}},"490":{"start":{"line":1082,"column":20},"end":{"line":1082,"column":48}},"491":{"start":{"line":1085,"column":20},"end":{"line":1085,"column":32}},"492":{"start":{"line":1089,"column":16},"end":{"line":1091,"column":17}},"493":{"start":{"line":1090,"column":20},"end":{"line":1090,"column":35}},"494":{"start":{"line":1092,"column":16},"end":{"line":1092,"column":27}},"495":{"start":{"line":1097,"column":8},"end":{"line":1113,"column":9}},"496":{"start":{"line":1098,"column":12},"end":{"line":1109,"column":14}},"497":{"start":{"line":1112,"column":12},"end":{"line":1112,"column":76}},"498":{"start":{"line":1115,"column":8},"end":{"line":1316,"column":9}},"499":{"start":{"line":1117,"column":35},"end":{"line":1117,"column":39}},"500":{"start":{"line":1118,"column":35},"end":{"line":1118,"column":39}},"501":{"start":{"line":1119,"column":30},"end":{"line":1119,"column":34}},"502":{"start":{"line":1120,"column":33},"end":{"line":1120,"column":37}},"503":{"start":{"line":1122,"column":12},"end":{"line":1146,"column":13}},"504":{"start":{"line":1124,"column":16},"end":{"line":1126,"column":17}},"505":{"start":{"line":1125,"column":20},"end":{"line":1125,"column":73}},"506":{"start":{"line":1127,"column":16},"end":{"line":1129,"column":17}},"507":{"start":{"line":1128,"column":20},"end":{"line":1128,"column":75}},"508":{"start":{"line":1132,"column":16},"end":{"line":1145,"column":17}},"509":{"start":{"line":1137,"column":36},"end":{"line":1137,"column":102}},"510":{"start":{"line":1138,"column":20},"end":{"line":1140,"column":21}},"511":{"start":{"line":1139,"column":24},"end":{"line":1139,"column":50}},"512":{"start":{"line":1144,"column":20},"end":{"line":1144,"column":61}},"513":{"start":{"line":1147,"column":12},"end":{"line":1176,"column":13}},"514":{"start":{"line":1149,"column":16},"end":{"line":1151,"column":17}},"515":{"start":{"line":1150,"column":20},"end":{"line":1150,"column":73}},"516":{"start":{"line":1152,"column":16},"end":{"line":1154,"column":17}},"517":{"start":{"line":1153,"column":20},"end":{"line":1153,"column":74}},"518":{"start":{"line":1155,"column":16},"end":{"line":1157,"column":17}},"519":{"start":{"line":1156,"column":20},"end":{"line":1156,"column":75}},"520":{"start":{"line":1160,"column":16},"end":{"line":1175,"column":17}},"521":{"start":{"line":1167,"column":36},"end":{"line":1167,"column":102}},"522":{"start":{"line":1168,"column":20},"end":{"line":1170,"column":21}},"523":{"start":{"line":1169,"column":24},"end":{"line":1169,"column":50}},"524":{"start":{"line":1174,"column":20},"end":{"line":1174,"column":61}},"525":{"start":{"line":1177,"column":12},"end":{"line":1203,"column":13}},"526":{"start":{"line":1178,"column":16},"end":{"line":1180,"column":17}},"527":{"start":{"line":1179,"column":20},"end":{"line":1179,"column":68}},"528":{"start":{"line":1181,"column":16},"end":{"line":1183,"column":17}},"529":{"start":{"line":1182,"column":20},"end":{"line":1182,"column":69}},"530":{"start":{"line":1184,"column":16},"end":{"line":1186,"column":17}},"531":{"start":{"line":1185,"column":20},"end":{"line":1185,"column":70}},"532":{"start":{"line":1189,"column":16},"end":{"line":1202,"column":17}},"533":{"start":{"line":1194,"column":36},"end":{"line":1194,"column":92}},"534":{"start":{"line":1195,"column":20},"end":{"line":1197,"column":21}},"535":{"start":{"line":1196,"column":24},"end":{"line":1196,"column":45}},"536":{"start":{"line":1201,"column":20},"end":{"line":1201,"column":51}},"537":{"start":{"line":1204,"column":12},"end":{"line":1236,"column":13}},"538":{"start":{"line":1205,"column":16},"end":{"line":1207,"column":17}},"539":{"start":{"line":1206,"column":20},"end":{"line":1206,"column":71}},"540":{"start":{"line":1208,"column":16},"end":{"line":1210,"column":17}},"541":{"start":{"line":1209,"column":20},"end":{"line":1209,"column":72}},"542":{"start":{"line":1211,"column":16},"end":{"line":1213,"column":17}},"543":{"start":{"line":1212,"column":20},"end":{"line":1212,"column":73}},"544":{"start":{"line":1216,"column":16},"end":{"line":1235,"column":17}},"545":{"start":{"line":1224,"column":20},"end":{"line":1224,"column":154}},"546":{"start":{"line":1224,"column":58},"end":{"line":1224,"column":154}},"547":{"start":{"line":1225,"column":20},"end":{"line":1225,"column":157}},"548":{"start":{"line":1225,"column":59},"end":{"line":1225,"column":157}},"549":{"start":{"line":1227,"column":36},"end":{"line":1227,"column":98}},"550":{"start":{"line":1228,"column":20},"end":{"line":1230,"column":21}},"551":{"start":{"line":1229,"column":24},"end":{"line":1229,"column":48}},"552":{"start":{"line":1234,"column":20},"end":{"line":1234,"column":57}},"553":{"start":{"line":1239,"column":12},"end":{"line":1244,"column":13}},"554":{"start":{"line":1240,"column":16},"end":{"line":1242,"column":17}},"555":{"start":{"line":1241,"column":20},"end":{"line":1241,"column":45}},"556":{"start":{"line":1243,"column":16},"end":{"line":1243,"column":81}},"557":{"start":{"line":1248,"column":25},"end":{"line":1248,"column":26}},"558":{"start":{"line":1249,"column":26},"end":{"line":1249,"column":27}},"559":{"start":{"line":1251,"column":12},"end":{"line":1253,"column":13}},"560":{"start":{"line":1252,"column":16},"end":{"line":1252,"column":50}},"561":{"start":{"line":1254,"column":12},"end":{"line":1256,"column":13}},"562":{"start":{"line":1255,"column":16},"end":{"line":1255,"column":50}},"563":{"start":{"line":1257,"column":12},"end":{"line":1259,"column":13}},"564":{"start":{"line":1258,"column":16},"end":{"line":1258,"column":45}},"565":{"start":{"line":1260,"column":12},"end":{"line":1262,"column":13}},"566":{"start":{"line":1261,"column":16},"end":{"line":1261,"column":48}},"567":{"start":{"line":1265,"column":12},"end":{"line":1276,"column":13}},"568":{"start":{"line":1266,"column":35},"end":{"line":1266,"column":64}},"569":{"start":{"line":1267,"column":16},"end":{"line":1275,"column":17}},"570":{"start":{"line":1268,"column":20},"end":{"line":1268,"column":42}},"571":{"start":{"line":1268,"column":34},"end":{"line":1268,"column":42}},"572":{"start":{"line":1269,"column":35},"end":{"line":1273,"column":22}},"573":{"start":{"line":1274,"column":20},"end":{"line":1274,"column":64}},"574":{"start":{"line":1274,"column":40},"end":{"line":1274,"column":64}},"575":{"start":{"line":1278,"column":12},"end":{"line":1278,"column":34}},"576":{"start":{"line":1282,"column":12},"end":{"line":1282,"column":67}},"577":{"start":{"line":1283,"column":12},"end":{"line":1283,"column":85}},"578":{"start":{"line":1284,"column":12},"end":{"line":1284,"column":57}},"579":{"start":{"line":1285,"column":12},"end":{"line":1285,"column":65}},"580":{"start":{"line":1286,"column":12},"end":{"line":1286,"column":48}},"581":{"start":{"line":1288,"column":12},"end":{"line":1288,"column":66}},"582":{"start":{"line":1289,"column":12},"end":{"line":1289,"column":67}},"583":{"start":{"line":1290,"column":12},"end":{"line":1290,"column":55}},"584":{"start":{"line":1291,"column":12},"end":{"line":1291,"column":52}},"585":{"start":{"line":1292,"column":12},"end":{"line":1292,"column":44}},"586":{"start":{"line":1293,"column":12},"end":{"line":1293,"column":102}},"587":{"start":{"line":1294,"column":12},"end":{"line":1294,"column":102}},"588":{"start":{"line":1295,"column":12},"end":{"line":1295,"column":87}},"589":{"start":{"line":1296,"column":12},"end":{"line":1296,"column":96}},"590":{"start":{"line":1297,"column":12},"end":{"line":1297,"column":34}},"591":{"start":{"line":1298,"column":12},"end":{"line":1298,"column":36}},"592":{"start":{"line":1302,"column":12},"end":{"line":1302,"column":30}},"593":{"start":{"line":1303,"column":12},"end":{"line":1303,"column":37}},"594":{"start":{"line":1304,"column":26},"end":{"line":1304,"column":28}},"595":{"start":{"line":1306,"column":12},"end":{"line":1311,"column":13}},"596":{"start":{"line":1307,"column":16},"end":{"line":1307,"column":53}},"597":{"start":{"line":1310,"column":16},"end":{"line":1310,"column":56}},"598":{"start":{"line":1312,"column":12},"end":{"line":1312,"column":63}},"599":{"start":{"line":1315,"column":12},"end":{"line":1315,"column":43}},"600":{"start":{"line":1320,"column":8},"end":{"line":1320,"column":74}},"601":{"start":{"line":1323,"column":4},"end":{"line":1326,"column":6}},"602":{"start":{"line":1330,"column":24},"end":{"line":1330,"column":43}},"603":{"start":{"line":1331,"column":16},"end":{"line":1331,"column":25}},"604":{"start":{"line":1333,"column":18},"end":{"line":1337,"column":6}},"605":{"start":{"line":1339,"column":4},"end":{"line":1358,"column":5}},"606":{"start":{"line":1340,"column":8},"end":{"line":1340,"column":32}},"607":{"start":{"line":1341,"column":8},"end":{"line":1341,"column":26}},"608":{"start":{"line":1343,"column":8},"end":{"line":1352,"column":9}},"609":{"start":{"line":1354,"column":8},"end":{"line":1354,"column":81}},"610":{"start":{"line":1357,"column":8},"end":{"line":1357,"column":76}},"611":{"start":{"line":1360,"column":4},"end":{"line":1362,"column":6}},"612":{"start":{"line":1365,"column":24},"end":{"line":1365,"column":43}},"613":{"start":{"line":1367,"column":16},"end":{"line":1367,"column":25}},"614":{"start":{"line":1369,"column":4},"end":{"line":1386,"column":5}},"615":{"start":{"line":1370,"column":22},"end":{"line":1374,"column":10}},"616":{"start":{"line":1376,"column":8},"end":{"line":1382,"column":9}},"617":{"start":{"line":1377,"column":12},"end":{"line":1377,"column":33}},"618":{"start":{"line":1378,"column":12},"end":{"line":1378,"column":87}},"619":{"start":{"line":1381,"column":12},"end":{"line":1381,"column":81}},"620":{"start":{"line":1385,"column":8},"end":{"line":1385,"column":74}},"621":{"start":{"line":1388,"column":4},"end":{"line":1390,"column":6}},"622":{"start":{"line":1393,"column":0},"end":{"line":1396,"column":1}}},"fnMap":{"0":{"name":"(anonymous_0)","decl":{"start":{"line":14,"column":20},"end":{"line":14,"column":21}},"loc":{"start":{"line":14,"column":42},"end":{"line":142,"column":1}},"line":14},"1":{"name":"(anonymous_1)","decl":{"start":{"line":145,"column":26},"end":{"line":145,"column":27}},"loc":{"start":{"line":145,"column":47},"end":{"line":207,"column":1}},"line":145},"2":{"name":"(anonymous_2)","decl":{"start":{"line":209,"column":17},"end":{"line":209,"column":18}},"loc":{"start":{"line":209,"column":40},"end":{"line":324,"column":1}},"line":209},"3":{"name":"(anonymous_3)","decl":{"start":{"line":328,"column":22},"end":{"line":328,"column":23}},"loc":{"start":{"line":328,"column":42},"end":{"line":402,"column":1}},"line":328},"4":{"name":"(anonymous_4)","decl":{"start":{"line":385,"column":63},"end":{"line":385,"column":64}},"loc":{"start":{"line":385,"column":78},"end":{"line":393,"column":5}},"line":385},"5":{"name":"(anonymous_5)","decl":{"start":{"line":404,"column":15},"end":{"line":404,"column":16}},"loc":{"start":{"line":404,"column":35},"end":{"line":497,"column":1}},"line":404},"6":{"name":"(anonymous_6)","decl":{"start":{"line":499,"column":25},"end":{"line":499,"column":26}},"loc":{"start":{"line":499,"column"
[...]
9}}],"line":371},"12":{"loc":{"start":{"line":375,"column":4},"end":{"line":377,"column":5}},"type":"if","locations":[{"start":{"line":375,"column":4},"end":{"line":377,"column":5}},{"start":{"line":375,"column":4},"end":{"line":377,"column":5}}],"line":375},"13":{"loc":{"start":{"line":375,"column":7},"end":{"line":375,"column":123}},"type":"binary-expr","locations":[{"start":{"line":375,"column":8},"end":{"line":375,"column":49}},{"start":{"line":375,"column":55},"end":{"line":375,"column":122}}],"line":375},"14":{"loc":{"start":{"line":386,"column":4},"end":{"line":407,"column":5}},"type":"if","locations":[{"start":{"line":386,"column":4},"end":{"line":407,"column":5}},{"start":{"line":386,"column":4},"end":{"line":407,"column":5}}],"line":386},"15":{"loc":{"start":{"line":392,"column":12},"end":{"line":397,"column":13}},"type":"if","locations":[{"start":{"line":392,"column":12},"end":{"line":397,"column":13}},{"start":{"line":392,"column":12},"end":{"line":397,"column":13}}],"line":392},"16":{"loc":{"start":{"line":440,"column":24},"end":{"line":440,"column":125}},"type":"cond-expr","locations":[{"start":{"line":440,"column":76},"end":{"line":440,"column":121}},{"start":{"line":440,"column":124},"end":{"line":440,"column":125}}],"line":440},"17":{"loc":{"start":{"line":444,"column":4},"end":{"line":447,"column":5}},"type":"if","locations":[{"start":{"line":444,"column":4},"end":{"line":447,"column":5}},{"start":{"line":444,"column":4},"end":{"line":447,"column":5}}],"line":444},"18":{"loc":{"start":{"line":444,"column":7},"end":{"line":444,"column":123}},"type":"binary-expr","locations":[{"start":{"line":444,"column":8},"end":{"line":444,"column":49}},{"start":{"line":444,"column":55},"end":{"line":444,"column":122}}],"line":444},"19":{"loc":{"start":{"line":461,"column":8},"end":{"line":466,"column":9}},"type":"if","locations":[{"start":{"line":461,"column":8},"end":{"line":466,"column":9}},{"start":{"line":461,"column":8},"end":{"line":466,"column":9}}],"line":461},"20":{"loc":{"start":{"line":475,"column":24},"end":{"line":475,"column":127}},"type":"cond-expr","locations":[{"start":{"line":475,"column":77},"end":{"line":475,"column":123}},{"start":{"line":475,"column":126},"end":{"line":475,"column":127}}],"line":475},"21":{"loc":{"start":{"line":479,"column":4},"end":{"line":481,"column":5}},"type":"if","locations":[{"start":{"line":479,"column":4},"end":{"line":481,"column":5}},{"start":{"line":479,"column":4},"end":{"line":481,"column":5}}],"line":479},"22":{"loc":{"start":{"line":479,"column":7},"end":{"line":479,"column":123}},"type":"binary-expr","locations":[{"start":{"line":479,"column":8},"end":{"line":479,"column":49}},{"start":{"line":479,"column":55},"end":{"line":479,"column":122}}],"line":479},"23":{"loc":{"start":{"line":495,"column":8},"end":{"line":500,"column":9}},"type":"if","locations":[{"start":{"line":495,"column":8},"end":{"line":500,"column":9}},{"start":{"line":495,"column":8},"end":{"line":500,"column":9}}],"line":495},"24":{"loc":{"start":{"line":509,"column":24},"end":{"line":509,"column":129}},"type":"cond-expr","locations":[{"start":{"line":509,"column":78},"end":{"line":509,"column":125}},{"start":{"line":509,"column":128},"end":{"line":509,"column":129}}],"line":509},"25":{"loc":{"start":{"line":513,"column":4},"end":{"line":515,"column":5}},"type":"if","locations":[{"start":{"line":513,"column":4},"end":{"line":515,"column":5}},{"start":{"line":513,"column":4},"end":{"line":515,"column":5}}],"line":513},"26":{"loc":{"start":{"line":513,"column":7},"end":{"line":513,"column":123}},"type":"binary-expr","locations":[{"start":{"line":513,"column":8},"end":{"line":513,"column":49}},{"start":{"line":513,"column":55},"end":{"line":513,"column":122}}],"line":513},"27":{"loc":{"start":{"line":523,"column":4},"end":{"line":546,"column":5}},"type":"if","locations":[{"start":{"line":523,"column":4},"end":{"line":546,"column":5}},{"start":{"line":523,"column":4},"end":{"line":546,"column":5}}],"line":523},"28":{"loc":{"start":{"line":531,"column":12},"end":{"line":536,"column":13}},"type":"if","locations":[{"start":{"line":531,"column":12},"end":{"line":536,"column":13}},{"start":{"line":531,"column":12},"end":{"line":536,"column":13}}],"line":531},"29":{"loc":{"start":{"line":594,"column":12},"end":{"line":596,"column":13}},"type":"if","locations":[{"start":{"line":594,"column":12},"end":{"line":596,"column":13}},{"start":{"line":594,"column":12},"end":{"line":596,"column":13}}],"line":594},"30":{"loc":{"start":{"line":598,"column":12},"end":{"line":600,"column":13}},"type":"if","locations":[{"start":{"line":598,"column":12},"end":{"line":600,"column":13}},{"start":{"line":598,"column":12},"end":{"line":600,"column":13}}],"line":598},"31":{"loc":{"start":{"line":602,"column":12},"end":{"line":604,"column":13}},"type":"if","locations":[{"start":{"line":602,"column":12},"end":{"line":604,"column":13}},{"start":{"line":602,"column":12},"end":{"line":604,"column":13}}],"line":602},"32":{"loc":{"start":{"line":615,"column":8},"end":{"line":620,"column":9}},"type":"if","locations":[{"start":{"line":615,"column":8},"end":{"line":620,"column":9}},{"start":{"line":615,"column":8},"end":{"line":620,"column":9}}],"line":615},"33":{"loc":{"start":{"line":658,"column":24},"end":{"line":658,"column":121}},"type":"cond-expr","locations":[{"start":{"line":658,"column":74},"end":{"line":658,"column":117}},{"start":{"line":658,"column":120},"end":{"line":658,"column":121}}],"line":658},"34":{"loc":{"start":{"line":662,"column":4},"end":{"line":665,"column":5}},"type":"if","locations":[{"start":{"line":662,"column":4},"end":{"line":665,"column":5}},{"start":{"line":662,"column":4},"end":{"line":665,"column":5}}],"line":662},"35":{"loc":{"start":{"line":662,"column":7},"end":{"line":662,"column":123}},"type":"binary-expr","locations":[{"start":{"line":662,"column":8},"end":{"line":662,"column":49}},{"start":{"line":662,"column":55},"end":{"line":662,"column":122}}],"line":662},"36":{"loc":{"start":{"line":674,"column":4},"end":{"line":695,"column":5}},"type":"if","locations":[{"start":{"line":674,"column":4},"end":{"line":695,"column":5}},{"start":{"line":674,"column":4},"end":{"line":695,"column":5}}],"line":674},"37":{"loc":{"start":{"line":680,"column":12},"end":{"line":685,"column":13}},"type":"if","locations":[{"start":{"line":680,"column":12},"end":{"line":685,"column":13}},{"start":{"line":680,"column":12},"end":{"line":685,"column":13}}],"line":680},"38":{"loc":{"start":{"line":700,"column":24},"end":{"line":700,"column":123}},"type":"cond-expr","locations":[{"start":{"line":700,"column":75},"end":{"line":700,"column":119}},{"start":{"line":700,"column":122},"end":{"line":700,"column":123}}],"line":700},"39":{"loc":{"start":{"line":704,"column":4},"end":{"line":706,"column":5}},"type":"if","locations":[{"start":{"line":704,"column":4},"end":{"line":706,"column":5}},{"start":{"line":704,"column":4},"end":{"line":706,"column":5}}],"line":704},"40":{"loc":{"start":{"line":704,"column":7},"end":{"line":704,"column":123}},"type":"binary-expr","locations":[{"start":{"line":704,"column":8},"end":{"line":704,"column":49}},{"start":{"line":704,"column":55},"end":{"line":704,"column":122}}],"line":704},"41":{"loc":{"start":{"line":715,"column":4},"end":{"line":736,"column":5}},"type":"if","locations":[{"start":{"line":715,"column":4},"end":{"line":736,"column":5}},{"start":{"line":715,"column":4},"end":{"line":736,"column":5}}],"line":715},"42":{"loc":{"start":{"line":721,"column":12},"end":{"line":726,"column":13}},"type":"if","locations":[{"start":{"line":721,"column":12},"end":{"line":726,"column":13}},{"start":{"line":721,"column":12},"end":{"line":726,"column":13}}],"line":721},"43":{"loc":{"start":{"line":741,"column":24},"end":{"line":741,"column":125}},"type":"cond-expr","locations":[{"start":{"line":741,"column":76},"end":{"line":741,"column":121}},{"start":{"line":741,"column":124},"end":{"line":741,"column":125}}],"line":741},"44":{"loc":{"start":{"line":745,"column":4},"end":{"line":747,"column":5}},"type":"if","locations":[{"start":{"line":745,"column":4},"end":{"line":747,"column":5}},{"start":{"line":745,"column":4},"end":{"line":747,"column":5}}],"line":745},"45":{"loc":{"start":{"line":745,"column":7},"end":{"line":745,"column":123}},"type":"binary-expr","locations":[{"start":{"line":745,"column":8},"end":{"line":745,"column":49}},{"start":{"line":745,"column":55},"end":{"line":745,"column":122}}],"line":745},"46":{"loc":{"start":{"line":755,"column":4},"end":{"line":778,"column":5}},"type":"if","locations":[{"start":{"line":755,"column":4},"end":{"line":778,"column":5}},{"start":{"line":755,"column":4},"end":{"line":778,"column":5}}],"line":755},"47":{"loc":{"start":{"line":763,"column":12},"end":{"line":768,"column":13}},"type":"if","locations":[{"start":{"line":763,"column":12},"end":{"line":768,"column":13}},{"start":{"line":763,"column":12},"end":{"line":768,"column":13}}],"line":763},"48":{"loc":{"start":{"line":781,"column":40},"end":{"line":781,"column":54}},"type":"default-arg","locations":[{"start":{"line":781,"column":48},"end":{"line":781,"column":54}}],"line":781},"49":{"loc":{"start":{"line":786,"column":19},"end":{"line":786,"column":78}},"type":"cond-expr","locations":[{"start":{"line":786,"column":50},"end":{"line":786,"column":63}},{"start":{"line":786,"column":66},"end":{"line":786,"column":78}}],"line":786},"50":{"loc":{"start":{"line":790,"column":41},"end":{"line":790,"column":55}},"type":"default-arg","locations":[{"start":{"line":790,"column":49},"end":{"line":790,"column":55}}],"line":790},"51":{"loc":{"start":{"line":795,"column":19},"end":{"line":795,"column":78}},"type":"cond-expr","locations":[{"start":{"line":795,"column":50},"end":{"line":795,"column":63}},{"start":{"line":795,"column":66},"end":{"line":795,"column":78}}],"line":795},"52":{"loc":{"start":{"line":799,"column":40},"end":{"line":799,"column":54}},"type":"default-arg","locations":[{"start":{"line":799,"column":48},"end":{"line":799,"column":54}}],"line":799},"53":{"loc":{"start":{"line":804,"column":19},"end":{"line":804,"column":78}},"type":"cond-expr","locations":[{"start":{"line":804,"column":50},"end":{"line":804,"column":63}},{"start":{"line":804,"column":66},"end":{"line":804,"column":78}}],"line":804},"54":{"loc":{"start":{"line":851,"column":4},"end":{"line":867,"column":5}},"type":"if","locations":[{"start":{"line":851,"column":4},"end":{"line":867,"column":5}},{"start":{"line":851,"column":4},"end":{"line":867,"column":5}}],"line":851},"55":{"loc":{"start":{"line":868,"column":4},"end":{"line":884,"column":5}},"type":"if","locations":[{"start":{"line":868,"column":4},"end":{"line":884,"column":5}},{"start":{"line":868,"column":4},"end":{"line":884,"column":5}}],"line":868},"56":{"loc":{"start":{"line":885,"column":4},"end":{"line":900,"column":5}},"type":"if","locations":[{"start":{"line":885,"column":4},"end":{"line":900,"column":5}},{"start":{"line":885,"column":4},"end":{"line":900,"column":5}}],"line":885},"57":{"loc":{"start":{"line":901,"column":4},"end":{"line":917,"column":5}},"type":"if","locations":[{"start":{"line":901,"column":4},"end":{"line":917,"column":5}},{"start":{"line":901,"column":4},"end":{"line":917,"column":5}}],"line":901},"58":{"loc":{"start":{"line":963,"column":19},"end":{"line":963,"column":78}},"type":"cond-expr","locations":[{"start":{"line":963,"column":50},"end":{"line":963,"column":63}},{"start":{"line":963,"column":66},"end":{"line":963,"column":78}}],"line":963},"59":{"loc":{"start":{"line":968,"column":19},"end":{"line":968,"column":78}},"type":"cond-expr","locations":[{"start":{"line":968,"column":50},"end":{"line":968,"column":63}},{"start":{"line":968,"column":66},"end":{"line":968,"column":78}}],"line":968},"60":{"loc":{"start":{"line":979,"column":19},"end":{"line":979,"column":78}},"type":"cond-expr","locations":[{"start":{"line":979,"column":50},"end":{"line":979,"column":63}},{"start":{"line":979,"column":66},"end":{"line":979,"column":78}}],"line":979},"61":{"loc":{"start":{"line":984,"column":19},"end":{"line":984,"column":78}},"type":"cond-expr","locations":[{"start":{"line":984,"column":50},"end":{"line":984,"column":63}},{"start":{"line":984,"column":66},"end":{"line":984,"column":78}}],"line":984},"62":{"loc":{"start":{"line":995,"column":19},"end":{"line":995,"column":78}},"type":"cond-expr","locations":[{"start":{"line":995,"column":50},"end":{"line":995,"column":63}},{"start":{"line":995,"column":66},"end":{"line":995,"column":78}}],"line":995},"63":{"loc":{"start":{"line":1000,"column":19},"end":{"line":1000,"column":78}},"type":"cond-expr","locations":[{"start":{"line":1000,"column":50},"end":{"line":1000,"column":63}},{"start":{"line":1000,"column":66},"end":{"line":1000,"column":78}}],"line":1000},"64":{"loc":{"start":{"line":1045,"column":4},"end":{"line":1050,"column":5}},"type":"if","locations":[{"start":{"line":1045,"column":4},"end":{"line":1050,"column":5}},{"start":{"line":1045,"column":4},"end":{"line":1050,"column":5}}],"line":1045},"65":{"loc":{"start":{"line":1062,"column":4},"end":{"line":1064,"column":5}},"type":"if","locations":[{"start":{"line":1062,"column":4},"end":{"line":1064,"column":5}},{"start":{"line":1062,"column":4},"end":{"line":1064,"column":5}}],"line":1062},"66":{"loc":{"start":{"line":1069,"column":4},"end":{"line":1074,"column":5}},"type":"if","locations":[{"start":{"line":1069,"column":4},"end":{"line":1074,"column":5}},{"start":{"line":1069,"column":4},"end":{"line":1074,"column":5}}],"line":1069}},"s":{"0":2,"1":2,"2":2,"3":34,"4":2,"5":2,"6":2,"7":2,"8":2,"9":2,"10":2,"11":2,"12":2,"13":2,"14":2,"15":2,"16":2,"17":2,"18":2,"19":2,"20":2,"21":2,"22":2,"23":2,"24":2,"25":2,"26":2,"27":2,"28":0,"29":2,"30":0,"31":0,"32":0,"33":0,"34":0,"35":0,"36":0,"37":0,"38":0,"39":0,"40":0,"41":0,"42":0,"43":0,"44":0,"45":0,"46":0,"47":0,"48":0,"49":0,"50":0,"51":0,"52":0,"53":0,"54":0,"55":0,"56":0,"57":2,"58":0,"59":0,"60":0,"61":2,"62":0,"63":2,"64":0,"65":0,"66":0,"67":0,"68":0,"69":0,"70":0,"71":0,"72":0,"73":2,"74":0,"75":0,"76":0,"77":0,"78":0,"79":0,"80":0,"81":0,"82":0,"83":0,"84":0,"85":0,"86":0,"87":0,"88":0,"89":0,"90":0,"91":0,"92":0,"93":2,"94":0,"95":0,"96":0,"97":0,"98":2,"99":0,"100":0,"101":0,"102":0,"103":0,"104":0,"105":0,"106":0,"107":0,"108":0,"109":0,"110":0,"111":0,"112":0,"113":0,"114":0,"115":0,"116":0,"117":0,"118":0,"119":0,"120":0,"121":0,"122":2,"123":0,"124":0,"125":0,"126":0,"127":0,"128":0,"129":0,"130":2,"131":0,"132":0,"133":0,"134":0,"135":0,"136":0,"137":2,"138":0,"139":0,"140":0,"141":0,"142":0,"143":0,"144":0,"145":0,"146":2,"147":0,"148":0,"149":0,"150":0,"151":0,"152":0,"153":0,"154":0,"155":0,"156":0,"157":0,"158":0,"159":0,"160":0,"161":0,"162":0,"163":0,"164":0,"165":0,"166":0,"167":0,"168":0,"169":0,"170":0,"171":0,"172":0,"173":0,"174":0,"175":0,"176":0,"177":0,"178":0,"179":0,"180":0,"181":0,"182":0,"183":0,"184":0,"185":0,"186":0,"187":0,"188":0,"189":0,"190":0,"191":0,"192":0,"193":0,"194":0,"195":0,"196":0,"197":0,"198":0,"199":0,"200":0,"201":0,"202":0,"203":0,"204":0,"205":0,"206":0,"207":0,"208":0,"209":0,"210":0,"211":0,"212":2,"213":0,"214":0,"215":0,"216":0,"217":0,"218":0,"219":0,"220":0,"221":0,"222":0,"223":0,"224":0,"225":0,"226":0,"227":0,"228":0,"229":0,"230":0,"231":0,"232":0,"233":0,"234":0,"235":0,"236":0,"237":0,"238":0,"239":0,"240":0,"241":0,"242":0,"243":0,"244":0,"245":0,"246":0,"247":0,"248":0,"249":0,"250":0,"251":0,"252":0,"253":0,"254":0,"255":0,"256":0,"257":0,"258":0,"259":0,"260":0,"261":0,"262":0,"263":0,"264":0,"265":0,"266":0,"267":0,"268":0,"269":0,"270":0,"271":0,"272":0,"273":0,"274":0,"275":0,"276":0,"277":0,"278":0,"279":0,"280":0,"281":0,"282":0,"283":0,"284":0,"285":0,"286":0,"287":0,"288":0,"289":0,"290":0,"291":0,"292":0,"293":0,"294":0,"295":0,"296":0,"297":0,"298":0,"299":2,"300":0,"301":0,"302":0,"303":0,"304":0,"305":0,"306":0,"307":0,"308":0,"309":0,"310":0,"311":0,"312":0,"313":0,"314":0,"315":0,"316":0,"317":0,"318":0,"319":0,"320":0,"321":0,"322":0,"323":0,"324":0,"325":0,"326":0,"327":0,"328":0,"329":0,"330":0,"331":0,"332":0,"333":0,"334":0,"335":0,"336":0,"337":0,"338":0,"339":0,"340":0,"341":0,"342":0,"343":0,"344":0,"345":0,"346":0,"347":0,"348":0,"349":0,"350":2,"351":0,"352":0,"353":0,"354":0,"355":0,"356":0,"357":0,"358":0,"359":0,"360":0,"361":0,"362":0,"363":0,"364":0,"365":0,"366":0,"367":0,"368":0,"369":0,"370":0,"371":0,"372":0,"373":0,"374":0,"375":0,"376":0,"377":0,"378":0,"379":0,"380":0,"381":0,"382":0,"383":0,"384":0,"385":0,"386":0,"387":0,"388":0,"389":0,"390":0,"391":0,"392":0,"393":0,"394":0,"395":0,"396":0,"397":0,"398":0,"399":0,"400":0,"401":0,"402":0,"403":0,"404":0,"405":0,"406":0,"407":0,"408":0,"409":0,"410":0,"411":0,"412":0,"413":0,"414":0,"415":0,"416":0,"417":0,"418":0,"419":0,"420":0,"421":0,"422":0,"423":0,"424":0,"425":0,"426":0,"427":0,"428":0,"429":0,"430":0,"431":0,"432":0,"433":0,"434":0,"435":0,"436":0,"437":0,"438":0,"439":0,"440":0,"441":0,"442":0,"443":0,"444":0,"445":2,"446":0,"447":0,"448":0,"449":0,"450":0,"451":0,"452":2,"453":0,"454":0,"455":0,"456":0,"457":0,"458":0,"459":2,"460":0,"461":0,"462":0,"463":0,"464":0,"465":0,"466":2,"467":0,"468":0,"469":0,"470":0,"471":0,"472":0,"473":0,"474":0,"475":0,"476":0,"477":0,"478":0,"479":0,"480":0,"481":0,"482":0,"483":0,"484":0,"485":0,"486":0,"487":0,"488":0,"489":0,"490":0,"491":0,"492":0,"493":0,"494":0,"495":0,"496":0,"497":0,"498":0,"499":0,"500":0,"501":0,"502":0,"503":0,"504":0,"505":0,"506":0,"507":0,"508":0,"509":0,"510":0,"511":0,"512":0,"513":0,"514":0,"515":0,"516":0,"517":0,"518":0,"519":0,"520":0,"521":0,"522":0,"523":0,"524":0,"525":0,"526":0,"527":0,"528":0,"529":0,"530":0,"531":0,"532":0,"533":0,"534":0,"535":0,"536":0,"537":0,"538":0,"539":0,"540":0,"541":0,"542":0,"543":0,"544":0,"545":0,"546":0,"547":0,"548":0,"549":0,"550":0,"551":0,"552":0,"553":0,"554":0,"555":0,"556":0,"557":0,"558":0,"559":0,"560":0,"561":0,"562":0,"563":0,"564":0,"565":0,"566":0,"567":0,"568":0,"569":0,"570":0,"571":0,"572":0,"573":0,"574":0,"575":0,"576":0,"577":0,"578":0,"579":0,"580":0,"581":0,"582":0,"583":0,"584":0,"585":0,"586":0,"587":0,"588":0,"589":0,"590":0,"591":0,"592":0,"593":0,"594":0,"595":0,"596":0,"597":0,"598":0,"599":0,"600":0,"601":0,"602":0,"603":0,"604":0,"605":0,"606":0,"607":0,"608":0,"609":0,"610":0,"611":0,"612":0,"613":0,"614":0,"615":0,"616":0,"617":0,"618":0,"619":0,"620":0,"621":0,"622":0,"623":0,"624":0,"625":0,"626":0,"627":0,"628":0,"629":0,"630":0,"631":0,"632":0,"633":0,"634":0,"635":0,"636":0,"637":0,"638":0,"639":0,"640":0,"641":0,"642":0,"643":0,"644":0,"645":0,"646":0,"647":0,"648":0,"649":0,"650":0,"651":0,"652":0,"653":0,"654":0,"655":0,"656":0,"657":0,"658":0,"659":0,"660":0,"661":0,"662":0,"663":0,"664":0,"665":0,"666":0,"667":0,"668":0,"669":0,"670":0,"671":0,"672":0,"673":0,"674":0,"675":0,"676":0,"677":0,"678":0,"679":0,"680":0,"681":0,"682":0,"683":0,"684":0,"685":0,"686":0,"687":0,"688":0,"689":0,"690":0,"691":0,"692":0,"693":0},"f":{"0":34,"1":0,"2":0,"3":0,"4":0,"5":0,"6":0,"7":0,"8":0,"9":0,"10":0,"11":0,"12":0,"13":0,"14":0,"15":0,"16":0,"17":0,"18":0,"19":0},"b":{"0":[0,0],"1":[0,0],"2":[0,0],"3":[0,0],"4":[0,0],"5":[0],"6":[0,0],"7":[0,0],"8":[0,0],"9":[0,0],"10":[0,0],"11":[0,0],"12":[0,0],"13":[0,0],"14":[0,0],"15":[0,0],"16":[0,0],"17":[0,0],"18":[0,0],"19":[0,0],"20":[0,0],"21":[0,0],"22":[0,0],"23":[0,0],"24":[0,0],"25":[0,0],"26":[0,0],"27":[0,0],"28":[0,0],"29":[0,0],"30":[0,0],"31":[0,0],"32":[0,0],"33":[0,0],"34":[0,0],"35":[0,0],"36":[0,0],"37":[0,0],"38":[0,0],"39":[0,0],"40":[0,0],"41":[0,0],"42":[0,0],"43":[0,0],"44":[0,0],"45":[0,0],"46":[0,0],"47":[0,0],"48":[0],"49":[0,0],"50":[0],"51":[0,0],"52":[0],"53":[0,0],"54":[0,0],"55":[0,0],"56":[0,0],"57":[0,0],"58":[0,0],"59":[0,0],"60":[0,0],"61":[0,0],"62":[0,0],"63":[0,0],"64":[0,0],"65":[0,0],"66":[0,0]},"_coverageSchema":"1a1c01bbd47fc00a2c39e90264f33305004495a9","hash":"142ea6c12eb29059ca61bac85a160e792ff8487a"}
}
