TN:
SF:src\app.js
FN:59,(anonymous_0)
FNF:1
FNH:1
FNDA:1,(anonymous_0)
DA:2,2
DA:3,2
DA:4,2
DA:5,2
DA:9,2
DA:11,2
DA:14,2
DA:15,2
DA:16,2
DA:17,2
DA:18,2
DA:19,2
DA:20,2
DA:21,2
DA:22,2
DA:24,2
DA:25,2
DA:26,2
DA:27,2
DA:30,2
DA:31,2
DA:32,2
DA:36,2
DA:38,2
DA:40,2
DA:44,2
DA:47,2
DA:48,2
DA:49,2
DA:50,2
DA:51,2
DA:52,2
DA:53,2
DA:54,2
DA:55,2
DA:57,2
DA:60,1
DA:65,2
LF:38
LH:38
BRF:0
BRH:0
end_of_record
TN:
SF:src\models\clients.js
FN:2,(anonymous_0)
FN:62,(anonymous_1)
FN:104,(anonymous_2)
FNF:3
FNH:2
FNDA:2,(anonymous_0)
FNDA:0,(anonymous_1)
FNDA:2,(anonymous_2)
DA:2,2
DA:3,2
DA:63,0
DA:64,0
DA:104,2
DA:110,2
LF:6
LH:4
BRDA:63,0,0,0
BRDA:63,0,1,0
BRF:2
BRH:0
end_of_record
TN:
SF:src\models\devis.js
FN:2,(anonymous_0)
FN:97,(anonymous_1)
FNF:2
FNH:2
FNDA:2,(anonymous_0)
FNDA:2,(anonymous_1)
DA:2,2
DA:3,2
DA:97,2
DA:98,2
DA:99,2
DA:100,2
DA:101,2
DA:102,2
DA:103,2
DA:104,2
DA:107,2
LF:11
LH:11
BRF:0
BRH:0
end_of_record
TN:
SF:src\models\estimations.js
FN:2,(anonymous_0)
FN:65,(anonymous_1)
FNF:2
FNH:2
FNDA:2,(anonymous_0)
FNDA:2,(anonymous_1)
DA:2,2
DA:3,2
DA:65,2
DA:67,2
DA:68,2
DA:69,2
DA:70,2
DA:71,2
DA:73,2
LF:9
LH:9
BRF:0
BRH:0
end_of_record
TN:
SF:src\models\factures.js
FN:2,(anonymous_0)
FN:130,(anonymous_1)
FNF:2
FNH:2
FNDA:2,(anonymous_0)
FNDA:2,(anonymous_1)
DA:2,2
DA:3,2
DA:130,2
DA:131,2
DA:132,2
DA:133,2
DA:136,2
LF:7
LH:7
BRF:0
BRH:0
end_of_record
TN:
SF:src\models\formules.js
FN:2,(anonymous_0)
FN:62,(anonymous_1)
FNF:2
FNH:2
FNDA:2,(anonymous_0)
FNDA:2,(anonymous_1)
DA:2,2
DA:3,2
DA:62,2
DA:63,2
DA:66,2
LF:5
LH:5
BRF:0
BRH:0
end_of_record
TN:
SF:src\models\index.js
FN:20,(anonymous_0)
FN:23,(anonymous_1)
FN:28,(anonymous_2)
FNF:3
FNH:3
FNDA:22,(anonymous_0)
FNDA:20,(anonymous_1)
FNDA:20,(anonymous_2)
DA:3,2
DA:4,2
DA:5,2
DA:6,2
DA:7,2
DA:8,2
DA:9,2
DA:12,2
DA:13,0
DA:15,2
DA:18,2
DA:21,22
DA:24,20
DA:25,20
DA:28,2
DA:30,20
DA:31,14
DA:35,2
DA:36,2
DA:38,2
LF:20
LH:19
BRDA:12,0,0,0
BRDA:12,0,1,2
BRDA:21,1,0,22
BRDA:21,1,1,22
BRDA:21,1,2,20
BRDA:30,2,0,14
BRDA:30,2,1,6
BRF:7
BRH:6
end_of_record
TN:
SF:src\models\prix_unitaire.js
FN:2,(anonymous_0)
FNF:1
FNH:1
FNDA:2,(anonymous_0)
DA:2,2
DA:3,2
DA:36,2
LF:3
LH:3
BRF:0
BRH:0
end_of_record
TN:
SF:src\models\recettes.js
FN:2,(anonymous_0)
FNF:1
FNH:1
FNDA:2,(anonymous_0)
DA:2,2
DA:3,2
DA:40,2
LF:3
LH:3
BRF:0
BRH:0
end_of_record
TN:
SF:src\models\remises.js
FN:2,(anonymous_0)
FN:35,(anonymous_1)
FNF:2
FNH:2
FNDA:2,(anonymous_0)
FNDA:2,(anonymous_1)
DA:2,2
DA:3,2
DA:35,2
DA:40,2
LF:4
LH:4
BRF:0
BRH:0
end_of_record
TN:
SF:src\models\sequelizemeta.js
FN:3,(anonymous_0)
FNF:1
FNH:1
FNDA:2,(anonymous_0)
DA:3,2
DA:4,2
LF:2
LH:2
BRF:0
BRH:0
end_of_record
TN:
SF:src\models\type_formule.js
FN:2,(anonymous_0)
FN:16,(anonymous_1)
FN:32,(anonymous_2)
FNF:3
FNH:2
FNDA:2,(anonymous_0)
FNDA:0,(anonymous_1)
FNDA:2,(anonymous_2)
DA:2,2
DA:3,2
DA:17,0
DA:18,0
DA:32,2
DA:36,2
LF:6
LH:4
BRDA:17,0,0,0
BRDA:17,0,1,0
BRDA:17,1,0,0
BRDA:17,1,1,0
BRF:4
BRH:0
end_of_record
TN:
SF:src\routers\agenda.js
FN:6,(anonymous_0)
FN:13,(anonymous_1)
FN:19,(anonymous_2)
FN:25,(anonymous_3)
FNF:4
FNH:0
FNDA:0,(anonymous_0)
FNDA:0,(anonymous_1)
FNDA:0,(anonymous_2)
FNDA:0,(anonymous_3)
DA:1,2
DA:2,2
DA:4,2
DA:7,0
DA:8,0
DA:14,0
DA:20,0
DA:21,0
DA:26,0
DA:27,0
DA:32,2
LF:11
LH:4
BRF:0
BRH:0
end_of_record
TN:
SF:src\routers\archives.js
FN:6,(anonymous_0)
FNF:1
FNH:0
FNDA:0,(anonymous_0)
DA:1,2
DA:2,2
DA:4,2
DA:7,0
DA:12,2
LF:5
LH:4
BRF:0
BRH:0
end_of_record
TN:
SF:src\routers\carte.js
FN:8,(anonymous_0)
FNF:1
FNH:0
FNDA:0,(anonymous_0)
DA:1,2
DA:2,2
DA:6,2
DA:9,0
DA:14,2
LF:5
LH:4
BRF:0
BRH:0
end_of_record
TN:
SF:src\routers\clients.js
FN:6,(anonymous_0)
FN:67,(anonymous_1)
FN:89,(anonymous_2)
FN:107,(anonymous_3)
FN:140,(anonymous_4)
FN:200,(anonymous_5)
FNF:6
FNH:0
FNDA:0,(anonymous_0)
FNDA:0,(anonymous_1)
FNDA:0,(anonymous_2)
FNDA:0,(anonymous_3)
FNDA:0,(anonymous_4)
FNDA:0,(anonymous_5)
DA:1,2
DA:2,2
DA:3,2
DA:4,2
DA:6,2
DA:9,0
DA:12,0
DA:14,0
DA:15,0
DA:16,0
DA:17,0
DA:20,0
DA:31,0
DA:34,0
DA:54,0
DA:55,0
DA:56,0
DA:57,0
DA:59,0
DA:62,0
DA:65,2
DA:69,0
DA:70,0
DA:71,0
DA:74,0
DA:75,0
DA:78,0
DA:83,0
DA:90,0
DA:92,0
DA:93,0
DA:94,0
DA:96,0
DA:97,0
DA:100,0
DA:109,0
DA:112,0
DA:113,0
DA:116,0
DA:117,0
DA:124,0
DA:125,0
DA:129,0
DA:130,0
DA:131,0
DA:134,0
DA:142,0
DA:144,0
DA:147,0
DA:148,0
DA:150,0
DA:151,0
DA:157,0
DA:159,0
DA:161,0
DA:162,0
DA:163,0
DA:164,0
DA:165,0
DA:167,0
DA:181,0
DA:184,0
DA:188,0
DA:191,0
DA:202,0
DA:205,0
DA:207,0
DA:208,0
DA:213,0
DA:216,0
DA:219,0
DA:225,2
LF:72
LH:7
BRDA:12,0,0,0
BRDA:12,0,1,0
BRDA:14,1,0,0
BRDA:14,1,1,0
BRDA:15,2,0,0
BRDA:15,2,1,0
BRDA:16,3,0,0
BRDA:16,3,1,0
BRDA:17,4,0,0
BRDA:17,4,1,0
BRDA:34,5,0,0
BRDA:34,5,1,0
BRDA:34,6,0,0
BRDA:34,6,1,0
BRDA:34,6,2,0
BRDA:34,6,3,0
BRDA:34,6,4,0
BRDA:93,7,0,0
BRDA:93,7,1,0
BRDA:96,8,0,0
BRDA:96,8,1,0
BRDA:116,9,0,0
BRDA:116,9,1,0
BRDA:116,10,0,0
BRDA:116,10,1,0
BRDA:129,11,0,0
BRDA:129,11,1,0
BRDA:157,12,0,0
BRDA:157,12,1,0
BRDA:161,13,0,0
BRDA:161,13,1,0
BRDA:162,14,0,0
BRDA:162,14,1,0
BRDA:163,15,0,0
BRDA:163,15,1,0
BRDA:164,16,0,0
BRDA:164,16,1,0
BRDA:165,17,0,0
BRDA:165,17,1,0
BRF:39
BRH:0
end_of_record
TN:
SF:src\routers\devis.js
FN:14,(anonymous_0)
FN:145,(anonymous_1)
FN:209,(anonymous_2)
FN:328,(anonymous_3)
FN:385,(anonymous_4)
FN:404,(anonymous_5)
FN:499,(anonymous_6)
FN:839,(anonymous_7)
FN:849,(anonymous_8)
FN:1062,(anonymous_9)
FN:1066,(anonymous_10)
FN:1329,(anonymous_11)
FN:1364,(anonymous_12)
FNF:13
FNH:0
FNDA:0,(anonymous_0)
FNDA:0,(anonymous_1)
FNDA:0,(anonymous_2)
FNDA:0,(anonymous_3)
FNDA:0,(anonymous_4)
FNDA:0,(anonymous_5)
FNDA:0,(anonymous_6)
FNDA:0,(anonymous_7)
FNDA:0,(anonymous_8)
FNDA:0,(anonymous_9)
FNDA:0,(anonymous_10)
FNDA:0,(anonymous_11)
FNDA:0,(anonymous_12)
DA:1,2
DA:2,2
DA:3,2
DA:4,2
DA:5,2
DA:6,2
DA:7,2
DA:8,2
DA:9,2
DA:10,2
DA:11,2
DA:12,2
DA:14,2
DA:15,0
DA:18,0
DA:21,0
DA:24,0
DA:25,0
DA:26,0
DA:27,0
DA:30,0
DA:31,0
DA:32,0
DA:33,0
DA:34,0
DA:37,0
DA:38,0
DA:39,0
DA:42,0
DA:43,0
DA:44,0
DA:45,0
DA:46,0
DA:47,0
DA:48,0
DA:49,0
DA:50,0
DA:52,0
DA:53,0
DA:57,0
DA:60,0
DA:69,0
DA:70,0
DA:71,0
DA:72,0
DA:73,0
DA:74,0
DA:76,0
DA:77,0
DA:78,0
DA:79,0
DA:80,0
DA:85,0
DA:86,0
DA:88,0
DA:89,0
DA:91,0
DA:92,0
DA:94,0
DA:95,0
DA:97,0
DA:98,0
DA:101,0
DA:103,0
DA:104,0
DA:105,0
DA:108,0
DA:110,0
DA:113,0
DA:131,0
DA:133,0
DA:134,0
DA:138,0
DA:139,0
DA:141,0
DA:145,2
DA:146,0
DA:147,0
DA:148,0
DA:150,0
DA:151,0
DA:152,0
DA:153,0
DA:156,0
DA:157,0
DA:163,0
DA:164,0
DA:170,0
DA:171,0
DA:177,0
DA:178,0
DA:186,0
DA:187,0
DA:188,0
DA:189,0
DA:191,0
DA:203,0
DA:206,0
DA:209,2
DA:210,0
DA:220,0
DA:221,0
DA:224,0
DA:227,0
DA:229,0
DA:230,0
DA:232,0
DA:233,0
DA:237,0
DA:238,0
DA:244,0
DA:246,0
DA:247,0
DA:249,0
DA:250,0
DA:254,0
DA:255,0
DA:257,0
DA:258,0
DA:262,0
DA:263,0
DA:269,0
DA:271,0
DA:272,0
DA:275,0
DA:276,0
DA:280,0
DA:281,0
DA:284,0
DA:285,0
DA:289,0
DA:290,0
DA:297,0
DA:299,0
DA:300,0
DA:302,0
DA:303,0
DA:307,0
DA:308,0
DA:310,0
DA:311,0
DA:315,0
DA:316,0
DA:323,0
DA:326,2
DA:329,0
DA:331,0
DA:344,0
DA:349,0
DA:354,0
DA:361,0
DA:368,0
DA:370,0
DA:385,0
DA:386,0
DA:387,0
DA:390,0
DA:391,0
DA:406,0
DA:425,0
DA:437,0
DA:449,0
DA:463,0
DA:464,0
DA:468,0
DA:469,0
DA:471,0
DA:472,0
DA:474,0
DA:475,0
DA:479,0
DA:480,0
DA:482,0
DA:483,0
DA:485,0
DA:486,0
DA:491,0
DA:500,0
DA:503,0
DA:504,0
DA:506,0
DA:517,0
DA:519,0
DA:520,0
DA:521,0
DA:522,0
DA:523,0
DA:524,0
DA:525,0
DA:526,0
DA:527,0
DA:528,0
DA:529,0
DA:531,0
DA:532,0
DA:533,0
DA:536,0
DA:537,0
DA:539,0
DA:542,0
DA:543,0
DA:544,0
DA:549,0
DA:550,0
DA:554,0
DA:555,0
DA:557,0
DA:560,0
DA:561,0
DA:562,0
DA:567,0
DA:568,0
DA:574,0
DA:575,0
DA:576,0
DA:577,0
DA:580,0
DA:581,0
DA:583,0
DA:586,0
DA:587,0
DA:588,0
DA:593,0
DA:594,0
DA:598,0
DA:599,0
DA:601,0
DA:604,0
DA:605,0
DA:606,0
DA:611,0
DA:612,0
DA:616,0
DA:617,0
DA:619,0
DA:622,0
DA:623,0
DA:624,0
DA:629,0
DA:630,0
DA:635,0
DA:636,0
DA:637,0
DA:638,0
DA:641,0
DA:642,0
DA:644,0
DA:647,0
DA:648,0
DA:649,0
DA:654,0
DA:655,0
DA:659,0
DA:660,0
DA:662,0
DA:665,0
DA:666,0
DA:667,0
DA:672,0
DA:673,0
DA:677,0
DA:678,0
DA:680,0
DA:683,0
DA:684,0
DA:685,0
DA:690,0
DA:691,0
DA:696,0
DA:697,0
DA:698,0
DA:699,0
DA:702,0
DA:703,0
DA:705,0
DA:708,0
DA:709,0
DA:710,0
DA:715,0
DA:716,0
DA:720,0
DA:721,0
DA:723,0
DA:726,0
DA:727,0
DA:728,0
DA:733,0
DA:734,0
DA:738,0
DA:739,0
DA:741,0
DA:744,0
DA:745,0
DA:746,0
DA:751,0
DA:752,0
DA:758,0
DA:759,0
DA:760,0
DA:761,0
DA:763,0
DA:766,0
DA:767,0
DA:768,0
DA:773,0
DA:774,0
DA:775,0
DA:781,0
DA:786,0
DA:791,0
DA:798,0
DA:808,0
DA:811,0
DA:812,0
DA:813,0
DA:814,0
DA:815,0
DA:816,0
DA:817,0
DA:818,0
DA:819,0
DA:820,0
DA:821,0
DA:822,0
DA:823,0
DA:824,0
DA:825,0
DA:826,0
DA:827,0
DA:830,0
DA:833,0
DA:834,0
DA:835,0
DA:836,0
DA:839,0
DA:840,0
DA:841,0
DA:844,0
DA:845,0
DA:850,0
DA:852,0
DA:854,0
DA:857,0
DA:858,0
DA:859,0
DA:860,0
DA:861,0
DA:863,0
DA:864,0
DA:865,0
DA:866,0
DA:867,0
DA:868,0
DA:869,0
DA:870,0
DA:871,0
DA:872,0
DA:873,0
DA:874,0
DA:877,0
DA:878,0
DA:880,0
DA:882,0
DA:883,0
DA:884,0
DA:885,0
DA:890,0
DA:893,0
DA:895,0
DA:896,0
DA:897,0
DA:898,0
DA:903,0
DA:906,0
DA:907,0
DA:909,0
DA:911,0
DA:912,0
DA:913,0
DA:914,0
DA:919,0
DA:922,0
DA:924,0
DA:925,0
DA:926,0
DA:927,0
DA:932,0
DA:935,0
DA:937,0
DA:938,0
DA:939,0
DA:940,0
DA:945,0
DA:948,0
DA:949,0
DA:951,0
DA:953,0
DA:954,0
DA:955,0
DA:956,0
DA:961,0
DA:964,0
DA:966,0
DA:967,0
DA:968,0
DA:969,0
DA:974,0
DA:977,0
DA:979,0
DA:980,0
DA:981,0
DA:982,0
DA:987,0
DA:990,0
DA:991,0
DA:993,0
DA:995,0
DA:996,0
DA:997,0
DA:998,0
DA:1003,0
DA:1006,0
DA:1008,0
DA:1009,0
DA:1010,0
DA:1011,0
DA:1016,0
DA:1019,0
DA:1021,0
DA:1022,0
DA:1023,0
DA:1024,0
DA:1029,0
DA:1034,0
DA:1035,0
DA:1036,0
DA:1037,0
DA:1038,0
DA:1043,0
DA:1047,0
DA:1050,0
DA:1051,0
DA:1053,0
DA:1054,0
DA:1057,0
DA:1067,0
DA:1068,0
DA:1069,0
DA:1071,0
DA:1072,0
DA:1074,0
DA:1076,0
DA:1077,0
DA:1079,0
DA:1080,0
DA:1082,0
DA:1085,0
DA:1089,0
DA:1090,0
DA:1092,0
DA:1097,0
DA:1098,0
DA:1112,0
DA:1115,0
DA:1117,0
DA:1118,0
DA:1119,0
DA:1120,0
DA:1122,0
DA:1124,0
DA:1125,0
DA:1127,0
DA:1128,0
DA:1132,0
DA:1137,0
DA:1138,0
DA:1139,0
DA:1144,0
DA:1147,0
DA:1149,0
DA:1150,0
DA:1152,0
DA:1153,0
DA:1155,0
DA:1156,0
DA:1160,0
DA:1167,0
DA:1168,0
DA:1169,0
DA:1174,0
DA:1177,0
DA:1178,0
DA:1179,0
DA:1181,0
DA:1182,0
DA:1184,0
DA:1185,0
DA:1189,0
DA:1194,0
DA:1195,0
DA:1196,0
DA:1201,0
DA:1204,0
DA:1205,0
DA:1206,0
DA:1208,0
DA:1209,0
DA:1211,0
DA:1212,0
DA:1216,0
DA:1224,0
DA:1225,0
DA:1227,0
DA:1228,0
DA:1229,0
DA:1234,0
DA:1239,0
DA:1240,0
DA:1241,0
DA:1243,0
DA:1248,0
DA:1249,0
DA:1251,0
DA:1252,0
DA:1254,0
DA:1255,0
DA:1257,0
DA:1258,0
DA:1260,0
DA:1261,0
DA:1265,0
DA:1266,0
DA:1267,0
DA:1268,0
DA:1269,0
DA:1274,0
DA:1278,0
DA:1282,0
DA:1283,0
DA:1284,0
DA:1285,0
DA:1286,0
DA:1288,0
DA:1289,0
DA:1290,0
DA:1291,0
DA:1292,0
DA:1293,0
DA:1294,0
DA:1295,0
DA:1296,0
DA:1297,0
DA:1298,0
DA:1302,0
DA:1303,0
DA:1304,0
DA:1306,0
DA:1307,0
DA:1310,0
DA:1312,0
DA:1315,0
DA:1320,0
DA:1323,0
DA:1330,0
DA:1331,0
DA:1333,0
DA:1339,0
DA:1340,0
DA:1341,0
DA:1343,0
DA:1354,0
DA:1357,0
DA:1360,0
DA:1365,0
DA:1367,0
DA:1369,0
DA:1370,0
DA:1376,0
DA:1377,0
DA:1378,0
DA:1381,0
DA:1385,0
DA:1388,0
DA:1393,2
LF:584
LH:17
BRDA:18,0,0,0
BRDA:18,0,1,0
BRDA:24,1,0,0
BRDA:24,1,1,0
BRDA:30,2,0,0
BRDA:30,2,1,0
BRDA:37,3,0,0
BRDA:37,3,1,0
BRDA:42,4,0,0
BRDA:42,4,1,0
BRDA:49,5,0,0
BRDA:49,5,1,0
BRDA:50,6,0,0
BRDA:50,6,1,0
BRDA:52,7,0,0
BRDA:52,7,1,0
BRDA:53,8,0,0
BRDA:53,8,1,0
BRDA:71,9,0,0
BRDA:71,9,1,0
BRDA:72,10,0,0
BRDA:72,10,1,0
BRDA:73,11,0,0
BRDA:73,11,1,0
BRDA:74,12,0,0
BRDA:74,12,1,0
BRDA:88,13,0,0
BRDA:88,13,1,0
BRDA:91,14,0,0
BRDA:91,14,1,0
BRDA:94,15,0,0
BRDA:94,15,1,0
BRDA:97,16,0,0
BRDA:97,16,1,0
BRDA:104,17,0,0
BRDA:104,17,1,0
BRDA:108,18,0,0
BRDA:108,18,1,0
BRDA:110,19,0,0
BRDA:110,19,1,0
BRDA:131,20,0,0
BRDA:131,20,1,0
BRDA:156,21,0,0
BRDA:156,21,1,0
BRDA:163,22,0,0
BRDA:163,22,1,0
BRDA:170,23,0,0
BRDA:170,23,1,0
BRDA:177,24,0,0
BRDA:177,24,1,0
BRDA:186,25,0,0
BRDA:186,25,1,0
BRDA:187,26,0,0
BRDA:187,26,1,0
BRDA:188,27,0,0
BRDA:188,27,1,0
BRDA:189,28,0,0
BRDA:189,28,1,0
BRDA:220,29,0,0
BRDA:220,29,1,0
BRDA:227,30,0,0
BRDA:227,30,1,0
BRDA:229,31,0,0
BRDA:229,31,1,0
BRDA:232,32,0,0
BRDA:232,32,1,0
BRDA:232,33,0,0
BRDA:232,33,1,0
BRDA:237,34,0,0
BRDA:237,34,1,0
BRDA:244,35,0,0
BRDA:244,35,1,0
BRDA:246,36,0,0
BRDA:246,36,1,0
BRDA:249,37,0,0
BRDA:249,37,1,0
BRDA:249,38,0,0
BRDA:249,38,1,0
BRDA:254,39,0,0
BRDA:254,39,1,0
BRDA:257,40,0,0
BRDA:257,40,1,0
BRDA:257,41,0,0
BRDA:257,41,1,0
BRDA:262,42,0,0
BRDA:262,42,1,0
BRDA:269,43,0,0
BRDA:269,43,1,0
BRDA:271,44,0,0
BRDA:271,44,1,0
BRDA:275,45,0,0
BRDA:275,45,1,0
BRDA:275,46,0,0
BRDA:275,46,1,0
BRDA:275,47,0,0
BRDA:275,47,1,0
BRDA:280,48,0,0
BRDA:280,48,1,0
BRDA:284,49,0,0
BRDA:284,49,1,0
BRDA:284,50,0,0
BRDA:284,50,1,0
BRDA:284,51,0,0
BRDA:284,51,1,0
BRDA:289,52,0,0
BRDA:289,52,1,0
BRDA:297,53,0,0
BRDA:297,53,1,0
BRDA:299,54,0,0
BRDA:299,54,1,0
BRDA:302,55,0,0
BRDA:302,55,1,0
BRDA:302,56,0,0
BRDA:302,56,1,0
BRDA:302,56,2,0
BRDA:307,57,0,0
BRDA:307,57,1,0
BRDA:310,58,0,0
BRDA:310,58,1,0
BRDA:310,59,0,0
BRDA:310,59,1,0
BRDA:310,59,2,0
BRDA:315,60,0,0
BRDA:315,60,1,0
BRDA:386,61,0,0
BRDA:386,61,1,0
BRDA:463,62,0,0
BRDA:463,62,1,0
BRDA:463,63,0,0
BRDA:463,63,1,0
BRDA:463,63,2,0
BRDA:468,64,0,0
BRDA:468,64,1,0
BRDA:471,65,0,0
BRDA:471,65,1,0
BRDA:474,66,0,0
BRDA:474,66,1,0
BRDA:479,67,0,0
BRDA:479,67,1,0
BRDA:482,68,0,0
BRDA:482,68,1,0
BRDA:485,69,0,0
BRDA:485,69,1,0
BRDA:517,70,0,0
BRDA:517,70,1,0
BRDA:531,71,0,0
BRDA:531,71,1,0
BRDA:536,72,0,0
BRDA:536,72,1,0
BRDA:549,73,0,0
BRDA:549,73,1,0
BRDA:554,74,0,0
BRDA:554,74,1,0
BRDA:567,75,0,0
BRDA:567,75,1,0
BRDA:574,76,0,0
BRDA:574,76,1,0
BRDA:580,77,0,0
BRDA:580,77,1,0
BRDA:593,78,0,0
BRDA:593,78,1,0
BRDA:598,79,0,0
BRDA:598,79,1,0
BRDA:611,80,0,0
BRDA:611,80,1,0
BRDA:616,81,0,0
BRDA:616,81,1,0
BRDA:629,82,0,0
BRDA:629,82,1,0
BRDA:635,83,0,0
BRDA:635,83,1,0
BRDA:641,84,0,0
BRDA:641,84,1,0
BRDA:654,85,0,0
BRDA:654,85,1,0
BRDA:659,86,0,0
BRDA:659,86,1,0
BRDA:672,87,0,0
BRDA:672,87,1,0
BRDA:677,88,0,0
BRDA:677,88,1,0
BRDA:690,89,0,0
BRDA:690,89,1,0
BRDA:696,90,0,0
BRDA:696,90,1,0
BRDA:702,91,0,0
BRDA:702,91,1,0
BRDA:715,92,0,0
BRDA:715,92,1,0
BRDA:720,93,0,0
BRDA:720,93,1,0
BRDA:733,94,0,0
BRDA:733,94,1,0
BRDA:738,95,0,0
BRDA:738,95,1,0
BRDA:751,96,0,0
BRDA:751,96,1,0
BRDA:760,97,0,0
BRDA:760,97,1,0
BRDA:773,98,0,0
BRDA:773,98,1,0
BRDA:840,99,0,0
BRDA:840,99,1,0
BRDA:877,100,0,0
BRDA:877,100,1,0
BRDA:884,101,0,0
BRDA:884,101,1,0
BRDA:890,102,0,0
BRDA:890,102,1,0
BRDA:897,103,0,0
BRDA:897,103,1,0
BRDA:903,104,0,0
BRDA:903,104,1,0
BRDA:906,105,0,0
BRDA:906,105,1,0
BRDA:913,106,0,0
BRDA:913,106,1,0
BRDA:919,107,0,0
BRDA:919,107,1,0
BRDA:926,108,0,0
BRDA:926,108,1,0
BRDA:932,109,0,0
BRDA:932,109,1,0
BRDA:939,110,0,0
BRDA:939,110,1,0
BRDA:945,111,0,0
BRDA:945,111,1,0
BRDA:948,112,0,0
BRDA:948,112,1,0
BRDA:955,113,0,0
BRDA:955,113,1,0
BRDA:961,114,0,0
BRDA:961,114,1,0
BRDA:968,115,0,0
BRDA:968,115,1,0
BRDA:974,116,0,0
BRDA:974,116,1,0
BRDA:981,117,0,0
BRDA:981,117,1,0
BRDA:987,118,0,0
BRDA:987,118,1,0
BRDA:990,119,0,0
BRDA:990,119,1,0
BRDA:997,120,0,0
BRDA:997,120,1,0
BRDA:1003,121,0,0
BRDA:1003,121,1,0
BRDA:1010,122,0,0
BRDA:1010,122,1,0
BRDA:1016,123,0,0
BRDA:1016,123,1,0
BRDA:1023,124,0,0
BRDA:1023,124,1,0
BRDA:1029,125,0,0
BRDA:1029,125,1,0
BRDA:1034,126,0,0
BRDA:1034,126,1,0
BRDA:1034,127,0,0
BRDA:1034,127,1,0
BRDA:1037,128,0,0
BRDA:1037,128,1,0
BRDA:1043,129,0,0
BRDA:1043,129,1,0
BRDA:1076,130,0,0
BRDA:1076,130,1,0
BRDA:1076,131,0,0
BRDA:1076,131,1,0
BRDA:1076,131,2,0
BRDA:1080,132,0,0
BRDA:1080,132,1,0
BRDA:1089,133,0,0
BRDA:1089,133,1,0
BRDA:1089,134,0,0
BRDA:1089,134,1,0
BRDA:1097,135,0,0
BRDA:1097,135,1,0
BRDA:1097,136,0,0
BRDA:1097,136,1,0
BRDA:1115,137,0,0
BRDA:1115,137,1,0
BRDA:1122,138,0,0
BRDA:1122,138,1,0
BRDA:1124,139,0,0
BRDA:1124,139,1,0
BRDA:1124,140,0,0
BRDA:1124,140,1,0
BRDA:1127,141,0,0
BRDA:1127,141,1,0
BRDA:1127,142,0,0
BRDA:1127,142,1,0
BRDA:1132,143,0,0
BRDA:1132,143,1,0
BRDA:1132,144,0,0
BRDA:1132,144,1,0
BRDA:1132,144,2,0
BRDA:1132,144,3,0
BRDA:1132,144,4,0
BRDA:1138,145,0,0
BRDA:1138,145,1,0
BRDA:1147,146,0,0
BRDA:1147,146,1,0
BRDA:1149,147,0,0
BRDA:1149,147,1,0
BRDA:1149,148,0,0
BRDA:1149,148,1,0
BRDA:1152,149,0,0
BRDA:1152,149,1,0
BRDA:1152,150,0,0
BRDA:1152,150,1,0
BRDA:1155,151,0,0
BRDA:1155,151,1,0
BRDA:1155,152,0,0
BRDA:1155,152,1,0
BRDA:1160,153,0,0
BRDA:1160,153,1,0
BRDA:1160,154,0,0
BRDA:1160,154,1,0
BRDA:1160,154,2,0
BRDA:1160,154,3,0
BRDA:1160,154,4,0
BRDA:1160,154,5,0
BRDA:1160,154,6,0
BRDA:1168,155,0,0
BRDA:1168,155,1,0
BRDA:1177,156,0,0
BRDA:1177,156,1,0
BRDA:1178,157,0,0
BRDA:1178,157,1,0
BRDA:1178,158,0,0
BRDA:1178,158,1,0
BRDA:1181,159,0,0
BRDA:1181,159,1,0
BRDA:1181,160,0,0
BRDA:1181,160,1,0
BRDA:1184,161,0,0
BRDA:1184,161,1,0
BRDA:1184,162,0,0
BRDA:1184,162,1,0
BRDA:1189,163,0,0
BRDA:1189,163,1,0
BRDA:1189,164,0,0
BRDA:1189,164,1,0
BRDA:1189,164,2,0
BRDA:1189,164,3,0
BRDA:1189,164,4,0
BRDA:1195,165,0,0
BRDA:1195,165,1,0
BRDA:1204,166,0,0
BRDA:1204,166,1,0
BRDA:1205,167,0,0
BRDA:1205,167,1,0
BRDA:1205,168,0,0
BRDA:1205,168,1,0
BRDA:1208,169,0,0
BRDA:1208,169,1,0
BRDA:1208,170,0,0
BRDA:1208,170,1,0
BRDA:1211,171,0,0
BRDA:1211,171,1,0
BRDA:1211,172,0,0
BRDA:1211,172,1,0
BRDA:1216,173,0,0
BRDA:1216,173,1,0
BRDA:1216,174,0,0
BRDA:1216,174,1,0
BRDA:1216,174,2,0
BRDA:1216,174,3,0
BRDA:1216,174,4,0
BRDA:1216,174,5,0
BRDA:1216,174,6,0
BRDA:1224,175,0,0
BRDA:1224,175,1,0
BRDA:1225,176,0,0
BRDA:1225,176,1,0
BRDA:1228,177,0,0
BRDA:1228,177,1,0
BRDA:1239,178,0,0
BRDA:1239,178,1,0
BRDA:1240,179,0,0
BRDA:1240,179,1,0
BRDA:1240,180,0,0
BRDA:1240,180,1,0
BRDA:1251,181,0,0
BRDA:1251,181,1,0
BRDA:1254,182,0,0
BRDA:1254,182,1,0
BRDA:1257,183,0,0
BRDA:1257,183,1,0
BRDA:1260,184,0,0
BRDA:1260,184,1,0
BRDA:1265,185,0,0
BRDA:1265,185,1,0
BRDA:1265,186,0,0
BRDA:1265,186,1,0
BRDA:1268,187,0,0
BRDA:1268,187,1,0
BRDA:1274,188,0,0
BRDA:1274,188,1,0
BRDA:1293,189,0,0
BRDA:1293,189,1,0
BRDA:1294,190,0,0
BRDA:1294,190,1,0
BRDA:1295,191,0,0
BRDA:1295,191,1,0
BRDA:1296,192,0,0
BRDA:1296,192,1,0
BRDA:1306,193,0,0
BRDA:1306,193,1,0
BRDA:1339,194,0,0
BRDA:1339,194,1,0
BRDA:1376,195,0,0
BRDA:1376,195,1,0
BRF:412
BRH:0
end_of_record
TN:
SF:src\routers\estimations.js
FN:19,(anonymous_0)
FN:106,(anonymous_1)
FN:201,(anonymous_2)
FN:242,(anonymous_3)
FN:284,(anonymous_4)
FN:313,(anonymous_5)
FNF:6
FNH:0
FNDA:0,(anonymous_0)
FNDA:0,(anonymous_1)
FNDA:0,(anonymous_2)
FNDA:0,(anonymous_3)
FNDA:0,(anonymous_4)
FNDA:0,(anonymous_5)
DA:1,2
DA:2,2
DA:3,2
DA:4,2
DA:5,2
DA:6,2
DA:7,2
DA:8,2
DA:9,2
DA:10,2
DA:11,2
DA:12,2
DA:15,2
DA:21,0
DA:24,0
DA:25,0
DA:26,0
DA:28,0
DA:38,0
DA:46,0
DA:48,0
DA:50,0
DA:51,0
DA:52,0
DA:53,0
DA:59,0
DA:62,0
DA:63,0
DA:74,0
DA:75,0
DA:86,0
DA:90,0
DA:91,0
DA:96,0
DA:100,0
DA:107,0
DA:109,0
DA:110,0
DA:123,0
DA:124,0
DA:126,0
DA:127,0
DA:130,0
DA:131,0
DA:132,0
DA:134,0
DA:135,0
DA:136,0
DA:137,0
DA:140,0
DA:141,0
DA:147,0
DA:148,0
DA:154,0
DA:155,0
DA:161,0
DA:162,0
DA:170,0
DA:171,0
DA:172,0
DA:173,0
DA:175,0
DA:187,0
DA:191,0
DA:202,0
DA:204,0
DA:205,0
DA:207,0
DA:220,0
DA:222,0
DA:223,0
DA:226,0
DA:229,0
DA:233,0
DA:236,0
DA:243,0
DA:245,0
DA:247,0
DA:248,0
DA:254,0
DA:255,0
DA:257,0
DA:268,0
DA:271,0
DA:275,0
DA:278,0
DA:285,0
DA:287,0
DA:289,0
DA:290,0
DA:296,0
DA:297,0
DA:298,0
DA:301,0
DA:305,0
DA:308,0
DA:313,2
DA:314,0
DA:315,0
DA:319,2
LF:100
LH:15
BRDA:46,0,0,0
BRDA:46,0,1,0
BRDA:50,1,0,0
BRDA:50,1,1,0
BRDA:51,2,0,0
BRDA:51,2,1,0
BRDA:52,3,0,0
BRDA:52,3,1,0
BRDA:53,4,0,0
BRDA:53,4,1,0
BRDA:59,5,0,0
BRDA:59,5,1,0
BRDA:123,6,0,0
BRDA:123,6,1,0
BRDA:126,7,0,0
BRDA:126,7,1,0
BRDA:140,8,0,0
BRDA:140,8,1,0
BRDA:147,9,0,0
BRDA:147,9,1,0
BRDA:154,10,0,0
BRDA:154,10,1,0
BRDA:161,11,0,0
BRDA:161,11,1,0
BRDA:170,12,0,0
BRDA:170,12,1,0
BRDA:171,13,0,0
BRDA:171,13,1,0
BRDA:172,14,0,0
BRDA:172,14,1,0
BRDA:173,15,0,0
BRDA:173,15,1,0
BRDA:222,16,0,0
BRDA:222,16,1,0
BRDA:254,17,0,0
BRDA:254,17,1,0
BRDA:296,18,0,0
BRDA:296,18,1,0
BRF:38
BRH:0
end_of_record
TN:
SF:src\routers\factures.js
FN:6,(anonymous_0)
FN:13,(anonymous_1)
FN:19,(anonymous_2)
FN:24,(anonymous_3)
FN:31,(anonymous_4)
FNF:5
FNH:0
FNDA:0,(anonymous_0)
FNDA:0,(anonymous_1)
FNDA:0,(anonymous_2)
FNDA:0,(anonymous_3)
FNDA:0,(anonymous_4)
DA:1,2
DA:2,2
DA:4,2
DA:7,0
DA:8,0
DA:14,0
DA:20,0
DA:21,0
DA:25,0
DA:26,0
DA:32,0
DA:33,0
DA:38,2
LF:13
LH:4
BRF:0
BRH:0
end_of_record
TN:
SF:src\routers\menu.js
FN:6,(anonymous_0)
FNF:1
FNH:0
FNDA:0,(anonymous_0)
DA:1,2
DA:2,2
DA:4,2
DA:7,0
DA:12,2
LF:5
LH:4
BRF:0
BRH:0
end_of_record
TN:
SF:src\routers\statistiques.js
FN:6,(anonymous_0)
FNF:1
FNH:0
FNDA:0,(anonymous_0)
DA:1,2
DA:2,2
DA:4,2
DA:7,0
DA:12,2
LF:5
LH:4
BRF:0
BRH:0
end_of_record
TN:
SF:src\utils\errorHandler.js
FN:12,(anonymous_0)
FN:36,(anonymous_1)
FNF:2
FNH:0
FNDA:0,(anonymous_0)
FNDA:0,(anonymous_1)
DA:12,2
DA:14,0
DA:15,0
DA:19,0
DA:20,0
DA:23,0
DA:28,0
DA:36,2
DA:37,0
DA:38,0
DA:40,0
DA:42,0
DA:43,0
DA:45,0
DA:46,0
DA:48,0
DA:49,0
DA:53,0
DA:56,0
DA:59,2
LF:20
LH:3
BRDA:12,0,0,0
BRDA:12,1,0,0
BRDA:14,2,0,0
BRDA:14,2,1,0
BRDA:14,3,0,0
BRDA:14,3,1,0
BRDA:19,4,0,0
BRDA:19,4,1,0
BRDA:19,5,0,0
BRDA:19,5,1,0
BRDA:42,6,0,0
BRDA:42,6,1,0
BRDA:45,7,0,0
BRDA:45,7,1,0
BRDA:48,8,0,0
BRDA:48,8,1,0
BRF:16
BRH:0
end_of_record
TN:
SF:src\utils\gestion_formules.js
FN:60,(anonymous_0)
FN:114,(anonymous_1)
FN:146,(anonymous_2)
FN:188,(anonymous_3)
FN:221,(anonymous_4)
FN:285,(anonymous_5)
FN:369,(anonymous_6)
FN:580,(anonymous_7)
FNF:8
FNH:6
FNDA:30,(anonymous_0)
FNDA:2,(anonymous_1)
FNDA:2,(anonymous_2)
FNDA:2,(anonymous_3)
FNDA:4,(anonymous_4)
FNDA:0,(anonymous_5)
FNDA:0,(anonymous_6)
FNDA:2,(anonymous_7)
DA:1,2
DA:3,2
DA:60,2
DA:62,30
DA:65,30
DA:68,30
DA:75,30
DA:77,22
DA:79,18
DA:80,18
DA:83,18
DA:93,7
DA:98,4
DA:103,8
DA:110,11
DA:114,2
DA:115,2
DA:116,2
DA:119,2
DA:120,1
DA:121,1
DA:123,1
DA:128,1
DA:129,1
DA:130,1
DA:134,1
DA:142,1
DA:146,2
DA:148,2
DA:149,2
DA:152,2
DA:153,1
DA:154,1
DA:156,1
DA:161,1
DA:166,1
DA:167,1
DA:168,1
DA:169,1
DA:170,1
DA:171,1
DA:175,1
DA:184,1
DA:188,2
DA:189,2
DA:190,2
DA:193,2
DA:194,1
DA:195,1
DA:197,1
DA:203,1
DA:204,1
DA:208,1
DA:217,1
DA:221,2
DA:222,4
DA:223,4
DA:226,4
DA:227,3
DA:228,3
DA:229,3
DA:230,3
DA:233,3
DA:234,3
DA:235,3
DA:236,2
DA:238,2
DA:239,2
DA:241,2
DA:246,2
DA:247,2
DA:250,3
DA:251,2
DA:253,2
DA:254,2
DA:256,2
DA:261,2
DA:262,2
DA:266,3
DA:269,3
DA:278,3
DA:285,2
DA:286,0
DA:287,0
DA:288,0
DA:289,0
DA:291,0
DA:293,0
DA:300,0
DA:301,0
DA:303,0
DA:305,0
DA:312,0
DA:313,0
DA:315,0
DA:317,0
DA:324,0
DA:325,0
DA:327,0
DA:329,0
DA:330,0
DA:331,0
DA:333,0
DA:334,0
DA:338,0
DA:339,0
DA:340,0
DA:342,0
DA:343,0
DA:347,0
DA:356,0
DA:357,0
DA:360,0
DA:369,2
DA:371,0
DA:374,0
DA:375,0
DA:378,0
DA:380,0
DA:381,0
DA:382,0
DA:389,0
DA:391,0
DA:393,0
DA:394,0
DA:395,0
DA:402,0
DA:404,0
DA:406,0
DA:407,0
DA:408,0
DA:415,0
DA:417,0
DA:419,0
DA:420,0
DA:422,0
DA:426,0
DA:428,0
DA:429,0
DA:430,0
DA:437,0
DA:442,0
DA:444,0
DA:446,0
DA:448,0
DA:451,0
DA:452,0
DA:453,0
DA:455,0
DA:456,0
DA:457,0
DA:460,0
DA:461,0
DA:465,0
DA:470,0
DA:471,0
DA:473,0
DA:478,0
DA:479,0
DA:480,0
DA:483,0
DA:485,0
DA:490,0
DA:495,0
DA:496,0
DA:497,0
DA:498,0
DA:499,0
DA:500,0
DA:503,0
DA:505,0
DA:510,0
DA:511,0
DA:514,0
DA:515,0
DA:516,0
DA:519,0
DA:520,0
DA:521,0
DA:522,0
DA:524,0
DA:525,0
DA:527,0
DA:532,0
DA:533,0
DA:536,0
DA:537,0
DA:539,0
DA:540,0
DA:542,0
DA:547,0
DA:548,0
DA:552,0
DA:553,0
DA:554,0
DA:557,0
DA:560,0
DA:561,0
DA:562,0
DA:565,0
DA:566,0
DA:568,0
DA:569,0
DA:571,0
DA:572,0
DA:575,0
DA:577,0
DA:580,2
DA:582,2
DA:585,2
DA:587,2
DA:588,2
DA:589,5
DA:590,4
DA:595,3
DA:596,3
DA:601,1
DA:604,2
LF:218
LH:94
BRDA:65,0,0,0
BRDA:65,0,1,30
BRDA:75,1,0,22
BRDA:75,1,1,8
BRDA:77,2,0,18
BRDA:77,2,1,4
BRDA:79,3,0,0
BRDA:79,3,1,18
BRDA:80,4,0,1
BRDA:80,4,1,17
BRDA:83,5,0,11
BRDA:83,5,1,7
BRDA:84,6,0,18
BRDA:84,6,1,16
BRDA:84,6,2,14
BRDA:84,6,3,11
BRDA:120,7,0,1
BRDA:120,7,1,0
BRDA:128,8,0,1
BRDA:128,8,1,0
BRDA:153,9,0,1
BRDA:153,9,1,0
BRDA:168,10,0,1
BRDA:168,10,1,0
BRDA:168,11,0,1
BRDA:168,11,1,1
BRDA:194,12,0,1
BRDA:194,12,1,0
BRDA:203,13,0,1
BRDA:203,13,1,0
BRDA:227,14,0,3
BRDA:227,14,1,0
BRDA:235,15,0,2
BRDA:235,15,1,1
BRDA:238,16,0,2
BRDA:238,16,1,0
BRDA:246,17,0,2
BRDA:246,17,1,0
BRDA:250,18,0,2
BRDA:250,18,1,1
BRDA:253,19,0,2
BRDA:253,19,1,0
BRDA:261,20,0,2
BRDA:261,20,1,0
BRDA:291,21,0,0
BRDA:291,21,1,0
BRDA:301,22,0,0
BRDA:301,22,1,0
BRDA:303,23,0,0
BRDA:303,23,1,0
BRDA:313,24,0,0
BRDA:313,24,1,0
BRDA:315,25,0,0
BRDA:315,25,1,0
BRDA:325,26,0,0
BRDA:325,26,1,0
BRDA:327,27,0,0
BRDA:327,27,1,0
BRDA:330,28,0,0
BRDA:330,28,1,0
BRDA:330,29,0,0
BRDA:330,29,1,0
BRDA:333,30,0,0
BRDA:333,30,1,0
BRDA:339,31,0,0
BRDA:339,31,1,0
BRDA:339,32,0,0
BRDA:339,32,1,0
BRDA:342,33,0,0
BRDA:342,33,1,0
BRDA:357,34,0,0
BRDA:357,34,1,0
BRDA:374,35,0,0
BRDA:374,35,1,0
BRDA:378,36,0,0
BRDA:378,36,1,0
BRDA:391,37,0,0
BRDA:391,37,1,0
BRDA:404,38,0,0
BRDA:404,38,1,0
BRDA:417,39,0,0
BRDA:417,39,1,0
BRDA:420,40,0,0
BRDA:420,40,1,0
BRDA:420,41,0,0
BRDA:420,41,1,0
BRDA:426,42,0,0
BRDA:426,42,1,0
BRDA:428,43,0,0
BRDA:428,43,1,0
BRDA:446,44,0,0
BRDA:446,44,1,0
BRDA:446,45,0,0
BRDA:446,45,1,0
BRDA:446,45,2,0
BRDA:451,46,0,0
BRDA:451,46,1,0
BRDA:455,47,0,0
BRDA:455,47,1,0
BRDA:471,48,0,0
BRDA:471,48,1,0
BRDA:478,49,0,0
BRDA:478,49,1,0
BRDA:483,50,0,0
BRDA:483,50,1,0
BRDA:497,51,0,0
BRDA:497,51,1,0
BRDA:497,52,0,0
BRDA:497,52,1,0
BRDA:503,53,0,0
BRDA:503,53,1,0
BRDA:510,54,0,0
BRDA:510,54,1,0
BRDA:514,55,0,0
BRDA:514,55,1,0
BRDA:521,56,0,0
BRDA:521,56,1,0
BRDA:524,57,0,0
BRDA:524,57,1,0
BRDA:532,58,0,0
BRDA:532,58,1,0
BRDA:536,59,0,0
BRDA:536,59,1,0
BRDA:539,60,0,0
BRDA:539,60,1,0
BRDA:547,61,0,0
BRDA:547,61,1,0
BRDA:565,62,0,0
BRDA:565,62,1,0
BRDA:565,63,0,0
BRDA:565,63,1,0
BRDA:568,64,0,0
BRDA:568,64,1,0
BRDA:568,65,0,0
BRDA:568,65,1,0
BRDA:571,66,0,0
BRDA:571,66,1,0
BRDA:571,67,0,0
BRDA:571,67,1,0
BRDA:582,68,0,0
BRDA:582,68,1,2
BRDA:582,69,0,2
BRDA:582,69,1,2
BRDA:589,70,0,4
BRDA:589,70,1,1
BRDA:595,71,0,0
BRDA:595,71,1,3
BRF:147
BRH:37
end_of_record
TN:
SF:src\utils\gestion_prix_unitaire.js
FN:6,(anonymous_0)
FNF:1
FNH:0
FNDA:0,(anonymous_0)
DA:1,2
DA:6,2
DA:8,0
DA:11,0
DA:13,0
DA:14,0
DA:15,0
DA:16,0
DA:22,0
DA:23,0
DA:28,0
DA:31,2
LF:12
LH:3
BRDA:8,0,0,0
BRDA:8,0,1,0
BRDA:8,1,0,0
BRDA:8,1,1,0
BRDA:15,2,0,0
BRDA:15,2,1,0
BRDA:22,3,0,0
BRDA:22,3,1,0
BRF:8
BRH:0
end_of_record
TN:
SF:src\utils\gestion_type_formule.js
FN:5,(anonymous_0)
FN:35,(anonymous_1)
FN:41,(anonymous_2)
FNF:3
FNH:0
FNDA:0,(anonymous_0)
FNDA:0,(anonymous_1)
FNDA:0,(anonymous_2)
DA:1,2
DA:5,2
DA:6,0
DA:9,0
DA:12,0
DA:19,0
DA:20,0
DA:26,0
DA:29,0
DA:35,2
DA:41,2
DA:45,2
LF:12
LH:5
BRDA:9,0,0,0
BRDA:9,0,1,0
BRDA:19,1,0,0
BRDA:19,1,1,0
BRF:4
BRH:0
end_of_record
TN:
SF:src\utils\pdf_devis.js
FN:4,(anonymous_0)
FN:115,(anonymous_1)
FN:118,(anonymous_2)
FN:183,(anonymous_3)
FN:189,(anonymous_4)
FN:201,(anonymous_5)
FN:213,(anonymous_6)
FN:238,(anonymous_7)
FN:245,(anonymous_8)
FN:275,(anonymous_9)
FN:284,(anonymous_10)
FN:293,(anonymous_11)
FN:307,(anonymous_12)
FN:410,(anonymous_13)
FN:549,(anonymous_14)
FN:628,(anonymous_15)
FN:781,(anonymous_16)
FN:790,(anonymous_17)
FN:799,(anonymous_18)
FN:808,(anonymous_19)
FNF:20
FNH:1
FNDA:34,(anonymous_0)
FNDA:0,(anonymous_1)
FNDA:0,(anonymous_2)
FNDA:0,(anonymous_3)
FNDA:0,(anonymous_4)
FNDA:0,(anonymous_5)
FNDA:0,(anonymous_6)
FNDA:0,(anonymous_7)
FNDA:0,(anonymous_8)
FNDA:0,(anonymous_9)
FNDA:0,(anonymous_10)
FNDA:0,(anonymous_11)
FNDA:0,(anonymous_12)
FNDA:0,(anonymous_13)
FNDA:0,(anonymous_14)
FNDA:0,(anonymous_15)
FNDA:0,(anonymous_16)
FNDA:0,(anonymous_17)
FNDA:0,(anonymous_18)
FNDA:0,(anonymous_19)
DA:1,2
DA:2,2
DA:4,2
DA:5,34
DA:77,2
DA:78,2
DA:80,2
DA:81,2
DA:83,2
DA:84,2
DA:86,2
DA:87,2
DA:88,2
DA:89,2
DA:90,2
DA:91,2
DA:92,2
DA:93,2
DA:94,2
DA:96,2
DA:98,2
DA:100,2
DA:101,2
DA:102,2
DA:104,2
DA:106,2
DA:114,2
DA:115,2
DA:116,0
DA:118,2
DA:119,0
DA:120,0
DA:122,0
DA:124,0
DA:125,0
DA:139,0
DA:140,0
DA:142,0
DA:143,0
DA:144,0
DA:149,0
DA:151,0
DA:152,0
DA:153,0
DA:155,0
DA:156,0
DA:158,0
DA:159,0
DA:161,0
DA:162,0
DA:164,0
DA:166,0
DA:168,0
DA:172,0
DA:175,0
DA:176,0
DA:179,0
DA:183,2
DA:184,0
DA:185,0
DA:186,0
DA:189,2
DA:190,0
DA:201,2
DA:202,0
DA:203,0
DA:204,0
DA:205,0
DA:206,0
DA:207,0
DA:208,0
DA:209,0
DA:210,0
DA:213,2
DA:214,0
DA:215,0
DA:216,0
DA:217,0
DA:219,0
DA:220,0
DA:221,0
DA:222,0
DA:223,0
DA:224,0
DA:225,0
DA:227,0
DA:228,0
DA:229,0
DA:230,0
DA:232,0
DA:233,0
DA:234,0
DA:235,0
DA:238,2
DA:239,0
DA:240,0
DA:241,0
DA:242,0
DA:245,2
DA:246,0
DA:247,0
DA:248,0
DA:249,0
DA:250,0
DA:251,0
DA:253,0
DA:254,0
DA:255,0
DA:256,0
DA:257,0
DA:258,0
DA:259,0
DA:260,0
DA:262,0
DA:264,0
DA:265,0
DA:267,0
DA:268,0
DA:269,0
DA:270,0
DA:271,0
DA:272,0
DA:275,2
DA:276,0
DA:277,0
DA:278,0
DA:279,0
DA:280,0
DA:281,0
DA:284,2
DA:285,0
DA:286,0
DA:287,0
DA:288,0
DA:289,0
DA:290,0
DA:293,2
DA:294,0
DA:295,0
DA:297,0
DA:298,0
DA:299,0
DA:300,0
DA:301,0
DA:303,0
DA:307,2
DA:308,0
DA:310,0
DA:311,0
DA:312,0
DA:313,0
DA:315,0
DA:318,0
DA:319,0
DA:320,0
DA:321,0
DA:324,0
DA:325,0
DA:326,0
DA:327,0
DA:328,0
DA:329,0
DA:330,0
DA:331,0
DA:334,0
DA:336,0
DA:337,0
DA:340,0
DA:341,0
DA:342,0
DA:346,0
DA:347,0
DA:348,0
DA:351,0
DA:352,0
DA:353,0
DA:354,0
DA:355,0
DA:357,0
DA:359,0
DA:360,0
DA:361,0
DA:363,0
DA:364,0
DA:365,0
DA:369,0
DA:371,0
DA:372,0
DA:375,0
DA:376,0
DA:380,0
DA:381,0
DA:382,0
DA:385,0
DA:386,0
DA:387,0
DA:388,0
DA:389,0
DA:390,0
DA:392,0
DA:394,0
DA:395,0
DA:396,0
DA:398,0
DA:399,0
DA:400,0
DA:404,0
DA:405,0
DA:406,0
DA:410,2
DA:411,0
DA:413,0
DA:414,0
DA:415,0
DA:416,0
DA:418,0
DA:421,0
DA:422,0
DA:423,0
DA:424,0
DA:427,0
DA:428,0
DA:429,0
DA:430,0
DA:431,0
DA:432,0
DA:433,0
DA:434,0
DA:438,0
DA:440,0
DA:441,0
DA:444,0
DA:445,0
DA:446,0
DA:450,0
DA:451,0
DA:452,0
DA:455,0
DA:456,0
DA:457,0
DA:458,0
DA:459,0
DA:461,0
DA:463,0
DA:464,0
DA:465,0
DA:467,0
DA:468,0
DA:469,0
DA:473,0
DA:475,0
DA:476,0
DA:479,0
DA:480,0
DA:484,0
DA:485,0
DA:486,0
DA:489,0
DA:490,0
DA:491,0
DA:492,0
DA:493,0
DA:495,0
DA:497,0
DA:498,0
DA:499,0
DA:501,0
DA:502,0
DA:503,0
DA:507,0
DA:509,0
DA:510,0
DA:513,0
DA:514,0
DA:518,0
DA:519,0
DA:520,0
DA:522,0
DA:523,0
DA:524,0
DA:525,0
DA:526,0
DA:529,0
DA:531,0
DA:533,0
DA:534,0
DA:535,0
DA:537,0
DA:538,0
DA:539,0
DA:543,0
DA:544,0
DA:545,0
DA:549,2
DA:550,0
DA:552,0
DA:553,0
DA:554,0
DA:555,0
DA:557,0
DA:560,0
DA:561,0
DA:562,0
DA:563,0
DA:566,0
DA:567,0
DA:568,0
DA:569,0
DA:571,0
DA:572,0
DA:573,0
DA:574,0
DA:577,0
DA:578,0
DA:579,0
DA:580,0
DA:583,0
DA:584,0
DA:585,0
DA:586,0
DA:587,0
DA:589,0
DA:591,0
DA:592,0
DA:594,0
DA:595,0
DA:598,0
DA:599,0
DA:602,0
DA:603,0
DA:605,0
DA:606,0
DA:610,0
DA:611,0
DA:613,0
DA:614,0
DA:615,0
DA:617,0
DA:618,0
DA:619,0
DA:622,0
DA:623,0
DA:624,0
DA:628,2
DA:629,0
DA:631,0
DA:632,0
DA:633,0
DA:634,0
DA:636,0
DA:639,0
DA:640,0
DA:641,0
DA:642,0
DA:645,0
DA:646,0
DA:647,0
DA:648,0
DA:649,0
DA:650,0
DA:651,0
DA:652,0
DA:656,0
DA:658,0
DA:659,0
DA:662,0
DA:663,0
DA:664,0
DA:668,0
DA:669,0
DA:670,0
DA:673,0
DA:674,0
DA:675,0
DA:676,0
DA:677,0
DA:678,0
DA:680,0
DA:682,0
DA:683,0
DA:684,0
DA:686,0
DA:687,0
DA:688,0
DA:692,0
DA:693,0
DA:694,0
DA:698,0
DA:700,0
DA:701,0
DA:704,0
DA:705,0
DA:709,0
DA:710,0
DA:711,0
DA:714,0
DA:715,0
DA:716,0
DA:717,0
DA:718,0
DA:719,0
DA:721,0
DA:723,0
DA:724,0
DA:725,0
DA:727,0
DA:728,0
DA:729,0
DA:733,0
DA:734,0
DA:735,0
DA:739,0
DA:741,0
DA:742,0
DA:745,0
DA:746,0
DA:750,0
DA:751,0
DA:752,0
DA:754,0
DA:755,0
DA:756,0
DA:757,0
DA:758,0
DA:761,0
DA:763,0
DA:765,0
DA:766,0
DA:767,0
DA:769,0
DA:770,0
DA:771,0
DA:775,0
DA:776,0
DA:777,0
DA:781,2
DA:782,0
DA:783,0
DA:784,0
DA:785,0
DA:786,0
DA:787,0
DA:790,2
DA:791,0
DA:792,0
DA:793,0
DA:794,0
DA:795,0
DA:796,0
DA:799,2
DA:800,0
DA:801,0
DA:802,0
DA:803,0
DA:804,0
DA:805,0
DA:808,2
DA:809,0
DA:811,0
DA:812,0
DA:813,0
DA:814,0
DA:815,0
DA:816,0
DA:818,0
DA:821,0
DA:822,0
DA:823,0
DA:824,0
DA:825,0
DA:826,0
DA:830,0
DA:831,0
DA:832,0
DA:833,0
DA:834,0
DA:837,0
DA:840,0
DA:843,0
DA:845,0
DA:850,0
DA:851,0
DA:853,0
DA:854,0
DA:856,0
DA:858,0
DA:859,0
DA:860,0
DA:861,0
DA:862,0
DA:863,0
DA:866,0
DA:868,0
DA:870,0
DA:871,0
DA:873,0
DA:875,0
DA:876,0
DA:877,0
DA:878,0
DA:879,0
DA:880,0
DA:883,0
DA:885,0
DA:887,0
DA:888,0
DA:890,0
DA:892,0
DA:893,0
DA:894,0
DA:895,0
DA:896,0
DA:899,0
DA:901,0
DA:903,0
DA:904,0
DA:906,0
DA:908,0
DA:909,0
DA:910,0
DA:911,0
DA:912,0
DA:913,0
DA:916,0
DA:919,0
DA:921,0
DA:922,0
DA:924,0
DA:926,0
DA:927,0
DA:928,0
DA:929,0
DA:932,0
DA:937,0
DA:938,0
DA:939,0
DA:943,0
DA:947,0
DA:948,0
DA:949,0
DA:951,0
DA:952,0
DA:953,0
DA:954,0
DA:955,0
DA:957,0
DA:958,0
DA:959,0
DA:960,0
DA:961,0
DA:962,0
DA:963,0
DA:964,0
DA:965,0
DA:966,0
DA:967,0
DA:968,0
DA:969,0
DA:971,0
DA:972,0
DA:973,0
DA:974,0
DA:975,0
DA:976,0
DA:977,0
DA:978,0
DA:979,0
DA:980,0
DA:981,0
DA:982,0
DA:983,0
DA:984,0
DA:985,0
DA:987,0
DA:988,0
DA:989,0
DA:990,0
DA:991,0
DA:992,0
DA:993,0
DA:994,0
DA:995,0
DA:996,0
DA:997,0
DA:998,0
DA:999,0
DA:1000,0
DA:1001,0
DA:1003,0
DA:1004,0
DA:1005,0
DA:1010,0
DA:1011,0
DA:1012,0
DA:1013,0
DA:1014,0
DA:1017,0
DA:1033,0
DA:1034,0
DA:1035,0
DA:1039,0
DA:1040,0
DA:1041,0
DA:1042,0
DA:1044,0
DA:1045,0
DA:1046,0
DA:1049,0
DA:1051,0
DA:1052,0
DA:1053,0
DA:1054,0
DA:1056,0
DA:1057,0
DA:1058,0
DA:1059,0
DA:1060,0
DA:1062,0
DA:1063,0
DA:1066,0
DA:1067,0
DA:1068,0
DA:1069,0
DA:1070,0
DA:1073,0
DA:1075,0
DA:1076,0
DA:1077,0
DA:1078,0
DA:1081,0
DA:1082,0
DA:1083,0
DA:1084,0
DA:1085,0
DA:1086,0
DA:1089,0
DA:1090,0
DA:1091,0
DA:1093,0
DA:1094,0
DA:1095,0
DA:1097,0
DA:1098,0
DA:1099,0
DA:1101,0
DA:1102,0
DA:1103,0
DA:1105,0
DA:1106,0
DA:1107,0
DA:1108,0
DA:1110,0
DA:1111,0
DA:1113,0
DA:1114,0
DA:1115,0
DA:1117,0
DA:1118,0
DA:1119,0
DA:1121,0
DA:1122,0
DA:1123,0
DA:1125,0
DA:1126,0
DA:1128,0
DA:1129,0
DA:1130,0
DA:1131,0
DA:1133,0
DA:1134,0
DA:1135,0
DA:1136,0
DA:1138,0
DA:1139,0
DA:1140,0
DA:1141,0
DA:1143,0
DA:1144,0
DA:1145,0
DA:1146,0
DA:1147,0
DA:1148,0
LF:682
LH:46
BRDA:119,0,0,0
BRDA:119,0,1,0
BRDA:152,1,0,0
BRDA:152,1,1,0
BRDA:155,2,0,0
BRDA:155,2,1,0
BRDA:158,3,0,0
BRDA:158,3,1,0
BRDA:161,4,0,0
BRDA:161,4,1,0
BRDA:275,5,0,0
BRDA:281,6,0,0
BRDA:281,6,1,0
BRDA:336,7,0,0
BRDA:336,7,1,0
BRDA:340,8,0,0
BRDA:340,8,1,0
BRDA:340,9,0,0
BRDA:340,9,1,0
BRDA:357,10,0,0
BRDA:357,10,1,0
BRDA:371,11,0,0
BRDA:371,11,1,0
BRDA:375,12,0,0
BRDA:375,12,1,0
BRDA:375,13,0,0
BRDA:375,13,1,0
BRDA:386,14,0,0
BRDA:386,14,1,0
BRDA:392,15,0,0
BRDA:392,15,1,0
BRDA:440,16,0,0
BRDA:440,16,1,0
BRDA:444,17,0,0
BRDA:444,17,1,0
BRDA:444,18,0,0
BRDA:444,18,1,0
BRDA:461,19,0,0
BRDA:461,19,1,0
BRDA:475,20,0,0
BRDA:475,20,1,0
BRDA:479,21,0,0
BRDA:479,21,1,0
BRDA:479,22,0,0
BRDA:479,22,1,0
BRDA:495,23,0,0
BRDA:495,23,1,0
BRDA:509,24,0,0
BRDA:509,24,1,0
BRDA:513,25,0,0
BRDA:513,25,1,0
BRDA:513,26,0,0
BRDA:513,26,1,0
BRDA:523,27,0,0
BRDA:523,27,1,0
BRDA:531,28,0,0
BRDA:531,28,1,0
BRDA:594,29,0,0
BRDA:594,29,1,0
BRDA:598,30,0,0
BRDA:598,30,1,0
BRDA:602,31,0,0
BRDA:602,31,1,0
BRDA:615,32,0,0
BRDA:615,32,1,0
BRDA:658,33,0,0
BRDA:658,33,1,0
BRDA:662,34,0,0
BRDA:662,34,1,0
BRDA:662,35,0,0
BRDA:662,35,1,0
BRDA:674,36,0,0
BRDA:674,36,1,0
BRDA:680,37,0,0
BRDA:680,37,1,0
BRDA:700,38,0,0
BRDA:700,38,1,0
BRDA:704,39,0,0
BRDA:704,39,1,0
BRDA:704,40,0,0
BRDA:704,40,1,0
BRDA:715,41,0,0
BRDA:715,41,1,0
BRDA:721,42,0,0
BRDA:721,42,1,0
BRDA:741,43,0,0
BRDA:741,43,1,0
BRDA:745,44,0,0
BRDA:745,44,1,0
BRDA:745,45,0,0
BRDA:745,45,1,0
BRDA:755,46,0,0
BRDA:755,46,1,0
BRDA:763,47,0,0
BRDA:763,47,1,0
BRDA:781,48,0,0
BRDA:786,49,0,0
BRDA:786,49,1,0
BRDA:790,50,0,0
BRDA:795,51,0,0
BRDA:795,51,1,0
BRDA:799,52,0,0
BRDA:804,53,0,0
BRDA:804,53,1,0
BRDA:851,54,0,0
BRDA:851,54,1,0
BRDA:868,55,0,0
BRDA:868,55,1,0
BRDA:885,56,0,0
BRDA:885,56,1,0
BRDA:901,57,0,0
BRDA:901,57,1,0
BRDA:963,58,0,0
BRDA:963,58,1,0
BRDA:968,59,0,0
BRDA:968,59,1,0
BRDA:979,60,0,0
BRDA:979,60,1,0
BRDA:984,61,0,0
BRDA:984,61,1,0
BRDA:995,62,0,0
BRDA:995,62,1,0
BRDA:1000,63,0,0
BRDA:1000,63,1,0
BRDA:1045,64,0,0
BRDA:1045,64,1,0
BRDA:1062,65,0,0
BRDA:1062,65,1,0
BRDA:1069,66,0,0
BRDA:1069,66,1,0
BRF:130
BRH:0
end_of_record
